CRITICAL - 2022-05-27 01:49:56 --> Undefined index: id
#0 C:\Users\ASUS\Documents\tugas\tugas web framework\tugas\app\Views\list.php(23): CodeIgniter\Debug\Exceptions->errorHandler(8, 'Undefined index...', 'C:\\Users\\ASUS\\D...', 23, Array)
#1 C:\Users\ASUS\Documents\tugas\tugas web framework\tugas\system\View\View.php(210): include('C:\\Users\\ASUS\\D...')
#2 C:\Users\ASUS\Documents\tugas\tugas web framework\tugas\system\View\View.php(213): CodeIgniter\View\View->CodeIgniter\View\{closure}()
#3 C:\Users\ASUS\Documents\tugas\tugas web framework\tugas\system\Common.php(1089): CodeIgniter\View\View->render('list', Array, true)
#4 C:\Users\ASUS\Documents\tugas\tugas web framework\tugas\app\Controllers\User.php(162): view('list', Array)
#5 C:\Users\ASUS\Documents\tugas\tugas web framework\tugas\system\CodeIgniter.php(832): App\Controllers\User->getdata()
#6 C:\Users\ASUS\Documents\tugas\tugas web framework\tugas\system\CodeIgniter.php(419): CodeIgniter\CodeIgniter->runController(Object(App\Controllers\User))
#7 C:\Users\ASUS\Documents\tugas\tugas web framework\tugas\system\CodeIgniter.php(326): CodeIgniter\CodeIgniter->handleRequest(NULL, Object(Config\Cache), false)
#8 C:\Users\ASUS\Documents\tugas\tugas web framework\tugas\public\index.php(37): CodeIgniter\CodeIgniter->run()
#9 C:\Users\ASUS\Documents\tugas\tugas web framework\tugas\system\Commands\Server\rewrite.php(43): require_once('C:\\Users\\ASUS\\D...')
#10 {main}
CRITICAL - 2022-05-27 01:49:58 --> Undefined index: id
#0 C:\Users\ASUS\Documents\tugas\tugas web framework\tugas\app\Views\list.php(23): CodeIgniter\Debug\Exceptions->errorHandler(8, 'Undefined index...', 'C:\\Users\\ASUS\\D...', 23, Array)
#1 C:\Users\ASUS\Documents\tugas\tugas web framework\tugas\system\View\View.php(210): include('C:\\Users\\ASUS\\D...')
#2 C:\Users\ASUS\Documents\tugas\tugas web framework\tugas\system\View\View.php(213): CodeIgniter\View\View->CodeIgniter\View\{closure}()
#3 C:\Users\ASUS\Documents\tugas\tugas web framework\tugas\system\Common.php(1089): CodeIgniter\View\View->render('list', Array, true)
#4 C:\Users\ASUS\Documents\tugas\tugas web framework\tugas\app\Controllers\User.php(162): view('list', Array)
#5 C:\Users\ASUS\Documents\tugas\tugas web framework\tugas\system\CodeIgniter.php(832): App\Controllers\User->getdata()
#6 C:\Users\ASUS\Documents\tugas\tugas web framework\tugas\system\CodeIgniter.php(419): CodeIgniter\CodeIgniter->runController(Object(App\Controllers\User))
#7 C:\Users\ASUS\Documents\tugas\tugas web framework\tugas\system\CodeIgniter.php(326): CodeIgniter\CodeIgniter->handleRequest(NULL, Object(Config\Cache), false)
#8 C:\Users\ASUS\Documents\tugas\tugas web framework\tugas\public\index.php(37): CodeIgniter\CodeIgniter->run()
#9 C:\Users\ASUS\Documents\tugas\tugas web framework\tugas\system\Commands\Server\rewrite.php(43): require_once('C:\\Users\\ASUS\\D...')
#10 {main}
CRITICAL - 2022-05-27 01:50:22 --> Undefined index: id
#0 C:\Users\ASUS\Documents\tugas\tugas web framework\tugas\app\Views\list.php(23): CodeIgniter\Debug\Exceptions->errorHandler(8, 'Undefined index...', 'C:\\Users\\ASUS\\D...', 23, Array)
#1 C:\Users\ASUS\Documents\tugas\tugas web framework\tugas\system\View\View.php(210): include('C:\\Users\\ASUS\\D...')
#2 C:\Users\ASUS\Documents\tugas\tugas web framework\tugas\system\View\View.php(213): CodeIgniter\View\View->CodeIgniter\View\{closure}()
#3 C:\Users\ASUS\Documents\tugas\tugas web framework\tugas\system\Common.php(1089): CodeIgniter\View\View->render('list', Array, true)
#4 C:\Users\ASUS\Documents\tugas\tugas web framework\tugas\app\Controllers\User.php(162): view('list', Array)
#5 C:\Users\ASUS\Documents\tugas\tugas web framework\tugas\system\CodeIgniter.php(832): App\Controllers\User->getdata()
#6 C:\Users\ASUS\Documents\tugas\tugas web framework\tugas\system\CodeIgniter.php(419): CodeIgniter\CodeIgniter->runController(Object(App\Controllers\User))
#7 C:\Users\ASUS\Documents\tugas\tugas web framework\tugas\system\CodeIgniter.php(326): CodeIgniter\CodeIgniter->handleRequest(NULL, Object(Config\Cache), false)
#8 C:\Users\ASUS\Documents\tugas\tugas web framework\tugas\public\index.php(37): CodeIgniter\CodeIgniter->run()
#9 C:\Users\ASUS\Documents\tugas\tugas web framework\tugas\system\Commands\Server\rewrite.php(43): require_once('C:\\Users\\ASUS\\D...')
#10 {main}
CRITICAL - 2022-05-27 01:51:12 --> Undefined variable: validation
#0 C:\Users\ASUS\Documents\tugas\tugas web framework\tugas\app\Views\form.php(18): CodeIgniter\Debug\Exceptions->errorHandler(8, 'Undefined varia...', 'C:\\Users\\ASUS\\D...', 18, Array)
#1 C:\Users\ASUS\Documents\tugas\tugas web framework\tugas\system\View\View.php(210): include('C:\\Users\\ASUS\\D...')
#2 C:\Users\ASUS\Documents\tugas\tugas web framework\tugas\system\View\View.php(213): CodeIgniter\View\View->CodeIgniter\View\{closure}()
#3 C:\Users\ASUS\Documents\tugas\tugas web framework\tugas\system\Common.php(1089): CodeIgniter\View\View->render('form', Array, true)
#4 C:\Users\ASUS\Documents\tugas\tugas web framework\tugas\app\Controllers\User.php(173): view('form')
#5 C:\Users\ASUS\Documents\tugas\tugas web framework\tugas\system\CodeIgniter.php(832): App\Controllers\User->getform()
#6 C:\Users\ASUS\Documents\tugas\tugas web framework\tugas\system\CodeIgniter.php(419): CodeIgniter\CodeIgniter->runController(Object(App\Controllers\User))
#7 C:\Users\ASUS\Documents\tugas\tugas web framework\tugas\system\CodeIgniter.php(326): CodeIgniter\CodeIgniter->handleRequest(NULL, Object(Config\Cache), false)
#8 C:\Users\ASUS\Documents\tugas\tugas web framework\tugas\public\index.php(37): CodeIgniter\CodeIgniter->run()
#9 C:\Users\ASUS\Documents\tugas\tugas web framework\tugas\system\Commands\Server\rewrite.php(43): require_once('C:\\Users\\ASUS\\D...')
#10 {main}
CRITICAL - 2022-05-27 01:51:14 --> Undefined variable: validation
#0 C:\Users\ASUS\Documents\tugas\tugas web framework\tugas\app\Views\form.php(18): CodeIgniter\Debug\Exceptions->errorHandler(8, 'Undefined varia...', 'C:\\Users\\ASUS\\D...', 18, Array)
#1 C:\Users\ASUS\Documents\tugas\tugas web framework\tugas\system\View\View.php(210): include('C:\\Users\\ASUS\\D...')
#2 C:\Users\ASUS\Documents\tugas\tugas web framework\tugas\system\View\View.php(213): CodeIgniter\View\View->CodeIgniter\View\{closure}()
#3 C:\Users\ASUS\Documents\tugas\tugas web framework\tugas\system\Common.php(1089): CodeIgniter\View\View->render('form', Array, true)
#4 C:\Users\ASUS\Documents\tugas\tugas web framework\tugas\app\Controllers\User.php(173): view('form')
#5 C:\Users\ASUS\Documents\tugas\tugas web framework\tugas\system\CodeIgniter.php(832): App\Controllers\User->getform()
#6 C:\Users\ASUS\Documents\tugas\tugas web framework\tugas\system\CodeIgniter.php(419): CodeIgniter\CodeIgniter->runController(Object(App\Controllers\User))
#7 C:\Users\ASUS\Documents\tugas\tugas web framework\tugas\system\CodeIgniter.php(326): CodeIgniter\CodeIgniter->handleRequest(NULL, Object(Config\Cache), false)
#8 C:\Users\ASUS\Documents\tugas\tugas web framework\tugas\public\index.php(37): CodeIgniter\CodeIgniter->run()
#9 C:\Users\ASUS\Documents\tugas\tugas web framework\tugas\system\Commands\Server\rewrite.php(43): require_once('C:\\Users\\ASUS\\D...')
#10 {main}
CRITICAL - 2022-05-27 01:51:30 --> Undefined variable: validation
#0 C:\Users\ASUS\Documents\tugas\tugas web framework\tugas\app\Views\form.php(18): CodeIgniter\Debug\Exceptions->errorHandler(8, 'Undefined varia...', 'C:\\Users\\ASUS\\D...', 18, Array)
#1 C:\Users\ASUS\Documents\tugas\tugas web framework\tugas\system\View\View.php(210): include('C:\\Users\\ASUS\\D...')
#2 C:\Users\ASUS\Documents\tugas\tugas web framework\tugas\system\View\View.php(213): CodeIgniter\View\View->CodeIgniter\View\{closure}()
#3 C:\Users\ASUS\Documents\tugas\tugas web framework\tugas\system\Common.php(1089): CodeIgniter\View\View->render('form', Array, true)
#4 C:\Users\ASUS\Documents\tugas\tugas web framework\tugas\app\Controllers\User.php(173): view('form')
#5 C:\Users\ASUS\Documents\tugas\tugas web framework\tugas\system\CodeIgniter.php(832): App\Controllers\User->getform()
#6 C:\Users\ASUS\Documents\tugas\tugas web framework\tugas\system\CodeIgniter.php(419): CodeIgniter\CodeIgniter->runController(Object(App\Controllers\User))
#7 C:\Users\ASUS\Documents\tugas\tugas web framework\tugas\system\CodeIgniter.php(326): CodeIgniter\CodeIgniter->handleRequest(NULL, Object(Config\Cache), false)
#8 C:\Users\ASUS\Documents\tugas\tugas web framework\tugas\public\index.php(37): CodeIgniter\CodeIgniter->run()
#9 C:\Users\ASUS\Documents\tugas\tugas web framework\tugas\system\Commands\Server\rewrite.php(43): require_once('C:\\Users\\ASUS\\D...')
#10 {main}
CRITICAL - 2022-05-27 01:51:31 --> Undefined variable: validation
#0 C:\Users\ASUS\Documents\tugas\tugas web framework\tugas\app\Views\form.php(18): CodeIgniter\Debug\Exceptions->errorHandler(8, 'Undefined varia...', 'C:\\Users\\ASUS\\D...', 18, Array)
#1 C:\Users\ASUS\Documents\tugas\tugas web framework\tugas\system\View\View.php(210): include('C:\\Users\\ASUS\\D...')
#2 C:\Users\ASUS\Documents\tugas\tugas web framework\tugas\system\View\View.php(213): CodeIgniter\View\View->CodeIgniter\View\{closure}()
#3 C:\Users\ASUS\Documents\tugas\tugas web framework\tugas\system\Common.php(1089): CodeIgniter\View\View->render('form', Array, true)
#4 C:\Users\ASUS\Documents\tugas\tugas web framework\tugas\app\Controllers\User.php(173): view('form')
#5 C:\Users\ASUS\Documents\tugas\tugas web framework\tugas\system\CodeIgniter.php(832): App\Controllers\User->getform()
#6 C:\Users\ASUS\Documents\tugas\tugas web framework\tugas\system\CodeIgniter.php(419): CodeIgniter\CodeIgniter->runController(Object(App\Controllers\User))
#7 C:\Users\ASUS\Documents\tugas\tugas web framework\tugas\system\CodeIgniter.php(326): CodeIgniter\CodeIgniter->handleRequest(NULL, Object(Config\Cache), false)
#8 C:\Users\ASUS\Documents\tugas\tugas web framework\tugas\public\index.php(37): CodeIgniter\CodeIgniter->run()
#9 C:\Users\ASUS\Documents\tugas\tugas web framework\tugas\system\Commands\Server\rewrite.php(43): require_once('C:\\Users\\ASUS\\D...')
#10 {main}
CRITICAL - 2022-05-27 01:51:44 --> Undefined variable: validation
#0 C:\Users\ASUS\Documents\tugas\tugas web framework\tugas\app\Views\form.php(18): CodeIgniter\Debug\Exceptions->errorHandler(8, 'Undefined varia...', 'C:\\Users\\ASUS\\D...', 18, Array)
#1 C:\Users\ASUS\Documents\tugas\tugas web framework\tugas\system\View\View.php(210): include('C:\\Users\\ASUS\\D...')
#2 C:\Users\ASUS\Documents\tugas\tugas web framework\tugas\system\View\View.php(213): CodeIgniter\View\View->CodeIgniter\View\{closure}()
#3 C:\Users\ASUS\Documents\tugas\tugas web framework\tugas\system\Common.php(1089): CodeIgniter\View\View->render('form', Array, true)
#4 C:\Users\ASUS\Documents\tugas\tugas web framework\tugas\app\Controllers\User.php(173): view('form')
#5 C:\Users\ASUS\Documents\tugas\tugas web framework\tugas\system\CodeIgniter.php(832): App\Controllers\User->getform()
#6 C:\Users\ASUS\Documents\tugas\tugas web framework\tugas\system\CodeIgniter.php(419): CodeIgniter\CodeIgniter->runController(Object(App\Controllers\User))
#7 C:\Users\ASUS\Documents\tugas\tugas web framework\tugas\system\CodeIgniter.php(326): CodeIgniter\CodeIgniter->handleRequest(NULL, Object(Config\Cache), false)
#8 C:\Users\ASUS\Documents\tugas\tugas web framework\tugas\public\index.php(37): CodeIgniter\CodeIgniter->run()
#9 C:\Users\ASUS\Documents\tugas\tugas web framework\tugas\system\Commands\Server\rewrite.php(43): require_once('C:\\Users\\ASUS\\D...')
#10 {main}
CRITICAL - 2022-05-27 01:51:46 --> Undefined variable: validation
#0 C:\Users\ASUS\Documents\tugas\tugas web framework\tugas\app\Views\form.php(18): CodeIgniter\Debug\Exceptions->errorHandler(8, 'Undefined varia...', 'C:\\Users\\ASUS\\D...', 18, Array)
#1 C:\Users\ASUS\Documents\tugas\tugas web framework\tugas\system\View\View.php(210): include('C:\\Users\\ASUS\\D...')
#2 C:\Users\ASUS\Documents\tugas\tugas web framework\tugas\system\View\View.php(213): CodeIgniter\View\View->CodeIgniter\View\{closure}()
#3 C:\Users\ASUS\Documents\tugas\tugas web framework\tugas\system\Common.php(1089): CodeIgniter\View\View->render('form', Array, true)
#4 C:\Users\ASUS\Documents\tugas\tugas web framework\tugas\app\Controllers\User.php(173): view('form')
#5 C:\Users\ASUS\Documents\tugas\tugas web framework\tugas\system\CodeIgniter.php(832): App\Controllers\User->getform()
#6 C:\Users\ASUS\Documents\tugas\tugas web framework\tugas\system\CodeIgniter.php(419): CodeIgniter\CodeIgniter->runController(Object(App\Controllers\User))
#7 C:\Users\ASUS\Documents\tugas\tugas web framework\tugas\system\CodeIgniter.php(326): CodeIgniter\CodeIgniter->handleRequest(NULL, Object(Config\Cache), false)
#8 C:\Users\ASUS\Documents\tugas\tugas web framework\tugas\public\index.php(37): CodeIgniter\CodeIgniter->run()
#9 C:\Users\ASUS\Documents\tugas\tugas web framework\tugas\system\Commands\Server\rewrite.php(43): require_once('C:\\Users\\ASUS\\D...')
#10 {main}
CRITICAL - 2022-05-27 01:51:46 --> Undefined variable: validation
#0 C:\Users\ASUS\Documents\tugas\tugas web framework\tugas\app\Views\form.php(18): CodeIgniter\Debug\Exceptions->errorHandler(8, 'Undefined varia...', 'C:\\Users\\ASUS\\D...', 18, Array)
#1 C:\Users\ASUS\Documents\tugas\tugas web framework\tugas\system\View\View.php(210): include('C:\\Users\\ASUS\\D...')
#2 C:\Users\ASUS\Documents\tugas\tugas web framework\tugas\system\View\View.php(213): CodeIgniter\View\View->CodeIgniter\View\{closure}()
#3 C:\Users\ASUS\Documents\tugas\tugas web framework\tugas\system\Common.php(1089): CodeIgniter\View\View->render('form', Array, true)
#4 C:\Users\ASUS\Documents\tugas\tugas web framework\tugas\app\Controllers\User.php(173): view('form')
#5 C:\Users\ASUS\Documents\tugas\tugas web framework\tugas\system\CodeIgniter.php(832): App\Controllers\User->getform()
#6 C:\Users\ASUS\Documents\tugas\tugas web framework\tugas\system\CodeIgniter.php(419): CodeIgniter\CodeIgniter->runController(Object(App\Controllers\User))
#7 C:\Users\ASUS\Documents\tugas\tugas web framework\tugas\system\CodeIgniter.php(326): CodeIgniter\CodeIgniter->handleRequest(NULL, Object(Config\Cache), false)
#8 C:\Users\ASUS\Documents\tugas\tugas web framework\tugas\public\index.php(37): CodeIgniter\CodeIgniter->run()
#9 C:\Users\ASUS\Documents\tugas\tugas web framework\tugas\system\Commands\Server\rewrite.php(43): require_once('C:\\Users\\ASUS\\D...')
#10 {main}
CRITICAL - 2022-05-27 01:58:18 --> Undefined variable: jumlah
#0 C:\Users\ASUS\Documents\tugas\tugas web framework\tugas\app\Views\user\index.php(21): CodeIgniter\Debug\Exceptions->errorHandler(8, 'Undefined varia...', 'C:\\Users\\ASUS\\D...', 21, Array)
#1 C:\Users\ASUS\Documents\tugas\tugas web framework\tugas\system\View\View.php(210): include('C:\\Users\\ASUS\\D...')
#2 C:\Users\ASUS\Documents\tugas\tugas web framework\tugas\system\View\View.php(213): CodeIgniter\View\View->CodeIgniter\View\{closure}()
#3 C:\Users\ASUS\Documents\tugas\tugas web framework\tugas\system\Common.php(1089): CodeIgniter\View\View->render('user/index', Array, true)
#4 C:\Users\ASUS\Documents\tugas\tugas web framework\tugas\app\Controllers\User.php(162): view('user/index', Array)
#5 C:\Users\ASUS\Documents\tugas\tugas web framework\tugas\system\CodeIgniter.php(832): App\Controllers\User->getdata()
#6 C:\Users\ASUS\Documents\tugas\tugas web framework\tugas\system\CodeIgniter.php(419): CodeIgniter\CodeIgniter->runController(Object(App\Controllers\User))
#7 C:\Users\ASUS\Documents\tugas\tugas web framework\tugas\system\CodeIgniter.php(326): CodeIgniter\CodeIgniter->handleRequest(NULL, Object(Config\Cache), false)
#8 C:\Users\ASUS\Documents\tugas\tugas web framework\tugas\public\index.php(37): CodeIgniter\CodeIgniter->run()
#9 C:\Users\ASUS\Documents\tugas\tugas web framework\tugas\system\Commands\Server\rewrite.php(43): require_once('C:\\Users\\ASUS\\D...')
#10 {main}
CRITICAL - 2022-05-27 01:58:20 --> Undefined variable: jumlah
#0 C:\Users\ASUS\Documents\tugas\tugas web framework\tugas\app\Views\user\index.php(21): CodeIgniter\Debug\Exceptions->errorHandler(8, 'Undefined varia...', 'C:\\Users\\ASUS\\D...', 21, Array)
#1 C:\Users\ASUS\Documents\tugas\tugas web framework\tugas\system\View\View.php(210): include('C:\\Users\\ASUS\\D...')
#2 C:\Users\ASUS\Documents\tugas\tugas web framework\tugas\system\View\View.php(213): CodeIgniter\View\View->CodeIgniter\View\{closure}()
#3 C:\Users\ASUS\Documents\tugas\tugas web framework\tugas\system\Common.php(1089): CodeIgniter\View\View->render('user/index', Array, true)
#4 C:\Users\ASUS\Documents\tugas\tugas web framework\tugas\app\Controllers\User.php(162): view('user/index', Array)
#5 C:\Users\ASUS\Documents\tugas\tugas web framework\tugas\system\CodeIgniter.php(832): App\Controllers\User->getdata()
#6 C:\Users\ASUS\Documents\tugas\tugas web framework\tugas\system\CodeIgniter.php(419): CodeIgniter\CodeIgniter->runController(Object(App\Controllers\User))
#7 C:\Users\ASUS\Documents\tugas\tugas web framework\tugas\system\CodeIgniter.php(326): CodeIgniter\CodeIgniter->handleRequest(NULL, Object(Config\Cache), false)
#8 C:\Users\ASUS\Documents\tugas\tugas web framework\tugas\public\index.php(37): CodeIgniter\CodeIgniter->run()
#9 C:\Users\ASUS\Documents\tugas\tugas web framework\tugas\system\Commands\Server\rewrite.php(43): require_once('C:\\Users\\ASUS\\D...')
#10 {main}
CRITICAL - 2022-05-27 01:58:21 --> Undefined variable: jumlah
#0 C:\Users\ASUS\Documents\tugas\tugas web framework\tugas\app\Views\user\index.php(21): CodeIgniter\Debug\Exceptions->errorHandler(8, 'Undefined varia...', 'C:\\Users\\ASUS\\D...', 21, Array)
#1 C:\Users\ASUS\Documents\tugas\tugas web framework\tugas\system\View\View.php(210): include('C:\\Users\\ASUS\\D...')
#2 C:\Users\ASUS\Documents\tugas\tugas web framework\tugas\system\View\View.php(213): CodeIgniter\View\View->CodeIgniter\View\{closure}()
#3 C:\Users\ASUS\Documents\tugas\tugas web framework\tugas\system\Common.php(1089): CodeIgniter\View\View->render('user/index', Array, true)
#4 C:\Users\ASUS\Documents\tugas\tugas web framework\tugas\app\Controllers\User.php(162): view('user/index', Array)
#5 C:\Users\ASUS\Documents\tugas\tugas web framework\tugas\system\CodeIgniter.php(832): App\Controllers\User->getdata()
#6 C:\Users\ASUS\Documents\tugas\tugas web framework\tugas\system\CodeIgniter.php(419): CodeIgniter\CodeIgniter->runController(Object(App\Controllers\User))
#7 C:\Users\ASUS\Documents\tugas\tugas web framework\tugas\system\CodeIgniter.php(326): CodeIgniter\CodeIgniter->handleRequest(NULL, Object(Config\Cache), false)
#8 C:\Users\ASUS\Documents\tugas\tugas web framework\tugas\public\index.php(37): CodeIgniter\CodeIgniter->run()
#9 C:\Users\ASUS\Documents\tugas\tugas web framework\tugas\system\Commands\Server\rewrite.php(43): require_once('C:\\Users\\ASUS\\D...')
#10 {main}
CRITICAL - 2022-05-27 01:58:56 --> Undefined variable: jumlah
#0 C:\Users\ASUS\Documents\tugas\tugas web framework\tugas\app\Views\user\index.php(21): CodeIgniter\Debug\Exceptions->errorHandler(8, 'Undefined varia...', 'C:\\Users\\ASUS\\D...', 21, Array)
#1 C:\Users\ASUS\Documents\tugas\tugas web framework\tugas\system\View\View.php(210): include('C:\\Users\\ASUS\\D...')
#2 C:\Users\ASUS\Documents\tugas\tugas web framework\tugas\system\View\View.php(213): CodeIgniter\View\View->CodeIgniter\View\{closure}()
#3 C:\Users\ASUS\Documents\tugas\tugas web framework\tugas\system\Common.php(1089): CodeIgniter\View\View->render('user/index', Array, true)
#4 C:\Users\ASUS\Documents\tugas\tugas web framework\tugas\app\Controllers\User.php(162): view('user/index', Array)
#5 C:\Users\ASUS\Documents\tugas\tugas web framework\tugas\system\CodeIgniter.php(832): App\Controllers\User->getdata()
#6 C:\Users\ASUS\Documents\tugas\tugas web framework\tugas\system\CodeIgniter.php(419): CodeIgniter\CodeIgniter->runController(Object(App\Controllers\User))
#7 C:\Users\ASUS\Documents\tugas\tugas web framework\tugas\system\CodeIgniter.php(326): CodeIgniter\CodeIgniter->handleRequest(NULL, Object(Config\Cache), false)
#8 C:\Users\ASUS\Documents\tugas\tugas web framework\tugas\public\index.php(37): CodeIgniter\CodeIgniter->run()
#9 C:\Users\ASUS\Documents\tugas\tugas web framework\tugas\system\Commands\Server\rewrite.php(43): require_once('C:\\Users\\ASUS\\D...')
#10 {main}
CRITICAL - 2022-05-27 01:59:00 --> Undefined variable: jumlah
#0 C:\Users\ASUS\Documents\tugas\tugas web framework\tugas\app\Views\user\index.php(21): CodeIgniter\Debug\Exceptions->errorHandler(8, 'Undefined varia...', 'C:\\Users\\ASUS\\D...', 21, Array)
#1 C:\Users\ASUS\Documents\tugas\tugas web framework\tugas\system\View\View.php(210): include('C:\\Users\\ASUS\\D...')
#2 C:\Users\ASUS\Documents\tugas\tugas web framework\tugas\system\View\View.php(213): CodeIgniter\View\View->CodeIgniter\View\{closure}()
#3 C:\Users\ASUS\Documents\tugas\tugas web framework\tugas\system\Common.php(1089): CodeIgniter\View\View->render('user/index', Array, true)
#4 C:\Users\ASUS\Documents\tugas\tugas web framework\tugas\app\Controllers\User.php(162): view('user/index', Array)
#5 C:\Users\ASUS\Documents\tugas\tugas web framework\tugas\system\CodeIgniter.php(832): App\Controllers\User->getdata()
#6 C:\Users\ASUS\Documents\tugas\tugas web framework\tugas\system\CodeIgniter.php(419): CodeIgniter\CodeIgniter->runController(Object(App\Controllers\User))
#7 C:\Users\ASUS\Documents\tugas\tugas web framework\tugas\system\CodeIgniter.php(326): CodeIgniter\CodeIgniter->handleRequest(NULL, Object(Config\Cache), false)
#8 C:\Users\ASUS\Documents\tugas\tugas web framework\tugas\public\index.php(37): CodeIgniter\CodeIgniter->run()
#9 C:\Users\ASUS\Documents\tugas\tugas web framework\tugas\system\Commands\Server\rewrite.php(43): require_once('C:\\Users\\ASUS\\D...')
#10 {main}
CRITICAL - 2022-05-27 02:00:18 --> Undefined variable: jumlah
#0 C:\Users\ASUS\Documents\tugas\tugas web framework\tugas\app\Views\user\index.php(21): CodeIgniter\Debug\Exceptions->errorHandler(8, 'Undefined varia...', 'C:\\Users\\ASUS\\D...', 21, Array)
#1 C:\Users\ASUS\Documents\tugas\tugas web framework\tugas\system\View\View.php(210): include('C:\\Users\\ASUS\\D...')
#2 C:\Users\ASUS\Documents\tugas\tugas web framework\tugas\system\View\View.php(213): CodeIgniter\View\View->CodeIgniter\View\{closure}()
#3 C:\Users\ASUS\Documents\tugas\tugas web framework\tugas\system\Common.php(1089): CodeIgniter\View\View->render('user/index', Array, true)
#4 C:\Users\ASUS\Documents\tugas\tugas web framework\tugas\app\Controllers\User.php(162): view('user/index', Array)
#5 C:\Users\ASUS\Documents\tugas\tugas web framework\tugas\system\CodeIgniter.php(832): App\Controllers\User->getdata()
#6 C:\Users\ASUS\Documents\tugas\tugas web framework\tugas\system\CodeIgniter.php(419): CodeIgniter\CodeIgniter->runController(Object(App\Controllers\User))
#7 C:\Users\ASUS\Documents\tugas\tugas web framework\tugas\system\CodeIgniter.php(326): CodeIgniter\CodeIgniter->handleRequest(NULL, Object(Config\Cache), false)
#8 C:\Users\ASUS\Documents\tugas\tugas web framework\tugas\public\index.php(37): CodeIgniter\CodeIgniter->run()
#9 C:\Users\ASUS\Documents\tugas\tugas web framework\tugas\system\Commands\Server\rewrite.php(43): require_once('C:\\Users\\ASUS\\D...')
#10 {main}
CRITICAL - 2022-05-27 02:00:20 --> Undefined variable: jumlah
#0 C:\Users\ASUS\Documents\tugas\tugas web framework\tugas\app\Views\user\index.php(21): CodeIgniter\Debug\Exceptions->errorHandler(8, 'Undefined varia...', 'C:\\Users\\ASUS\\D...', 21, Array)
#1 C:\Users\ASUS\Documents\tugas\tugas web framework\tugas\system\View\View.php(210): include('C:\\Users\\ASUS\\D...')
#2 C:\Users\ASUS\Documents\tugas\tugas web framework\tugas\system\View\View.php(213): CodeIgniter\View\View->CodeIgniter\View\{closure}()
#3 C:\Users\ASUS\Documents\tugas\tugas web framework\tugas\system\Common.php(1089): CodeIgniter\View\View->render('user/index', Array, true)
#4 C:\Users\ASUS\Documents\tugas\tugas web framework\tugas\app\Controllers\User.php(162): view('user/index', Array)
#5 C:\Users\ASUS\Documents\tugas\tugas web framework\tugas\system\CodeIgniter.php(832): App\Controllers\User->getdata()
#6 C:\Users\ASUS\Documents\tugas\tugas web framework\tugas\system\CodeIgniter.php(419): CodeIgniter\CodeIgniter->runController(Object(App\Controllers\User))
#7 C:\Users\ASUS\Documents\tugas\tugas web framework\tugas\system\CodeIgniter.php(326): CodeIgniter\CodeIgniter->handleRequest(NULL, Object(Config\Cache), false)
#8 C:\Users\ASUS\Documents\tugas\tugas web framework\tugas\public\index.php(37): CodeIgniter\CodeIgniter->run()
#9 C:\Users\ASUS\Documents\tugas\tugas web framework\tugas\system\Commands\Server\rewrite.php(43): require_once('C:\\Users\\ASUS\\D...')
#10 {main}
CRITICAL - 2022-05-27 02:00:49 --> Undefined variable: jumlah
#0 C:\Users\ASUS\Documents\tugas\tugas web framework\tugas\app\Views\user\index.php(21): CodeIgniter\Debug\Exceptions->errorHandler(8, 'Undefined varia...', 'C:\\Users\\ASUS\\D...', 21, Array)
#1 C:\Users\ASUS\Documents\tugas\tugas web framework\tugas\system\View\View.php(210): include('C:\\Users\\ASUS\\D...')
#2 C:\Users\ASUS\Documents\tugas\tugas web framework\tugas\system\View\View.php(213): CodeIgniter\View\View->CodeIgniter\View\{closure}()
#3 C:\Users\ASUS\Documents\tugas\tugas web framework\tugas\system\Common.php(1089): CodeIgniter\View\View->render('user/index', Array, true)
#4 C:\Users\ASUS\Documents\tugas\tugas web framework\tugas\app\Controllers\User.php(162): view('user/index', Array)
#5 C:\Users\ASUS\Documents\tugas\tugas web framework\tugas\system\CodeIgniter.php(832): App\Controllers\User->getdata()
#6 C:\Users\ASUS\Documents\tugas\tugas web framework\tugas\system\CodeIgniter.php(419): CodeIgniter\CodeIgniter->runController(Object(App\Controllers\User))
#7 C:\Users\ASUS\Documents\tugas\tugas web framework\tugas\system\CodeIgniter.php(326): CodeIgniter\CodeIgniter->handleRequest(NULL, Object(Config\Cache), false)
#8 C:\Users\ASUS\Documents\tugas\tugas web framework\tugas\public\index.php(37): CodeIgniter\CodeIgniter->run()
#9 C:\Users\ASUS\Documents\tugas\tugas web framework\tugas\system\Commands\Server\rewrite.php(43): require_once('C:\\Users\\ASUS\\D...')
#10 {main}
CRITICAL - 2022-05-27 02:00:50 --> Undefined variable: jumlah
#0 C:\Users\ASUS\Documents\tugas\tugas web framework\tugas\app\Views\user\index.php(21): CodeIgniter\Debug\Exceptions->errorHandler(8, 'Undefined varia...', 'C:\\Users\\ASUS\\D...', 21, Array)
#1 C:\Users\ASUS\Documents\tugas\tugas web framework\tugas\system\View\View.php(210): include('C:\\Users\\ASUS\\D...')
#2 C:\Users\ASUS\Documents\tugas\tugas web framework\tugas\system\View\View.php(213): CodeIgniter\View\View->CodeIgniter\View\{closure}()
#3 C:\Users\ASUS\Documents\tugas\tugas web framework\tugas\system\Common.php(1089): CodeIgniter\View\View->render('user/index', Array, true)
#4 C:\Users\ASUS\Documents\tugas\tugas web framework\tugas\app\Controllers\User.php(162): view('user/index', Array)
#5 C:\Users\ASUS\Documents\tugas\tugas web framework\tugas\system\CodeIgniter.php(832): App\Controllers\User->getdata()
#6 C:\Users\ASUS\Documents\tugas\tugas web framework\tugas\system\CodeIgniter.php(419): CodeIgniter\CodeIgniter->runController(Object(App\Controllers\User))
#7 C:\Users\ASUS\Documents\tugas\tugas web framework\tugas\system\CodeIgniter.php(326): CodeIgniter\CodeIgniter->handleRequest(NULL, Object(Config\Cache), false)
#8 C:\Users\ASUS\Documents\tugas\tugas web framework\tugas\public\index.php(37): CodeIgniter\CodeIgniter->run()
#9 C:\Users\ASUS\Documents\tugas\tugas web framework\tugas\system\Commands\Server\rewrite.php(43): require_once('C:\\Users\\ASUS\\D...')
#10 {main}
CRITICAL - 2022-05-27 02:08:09 --> Undefined variable: jumlah
#0 C:\Users\ASUS\Documents\tugas\tugas web framework\tugas\app\Views\user\index.php(21): CodeIgniter\Debug\Exceptions->errorHandler(8, 'Undefined varia...', 'C:\\Users\\ASUS\\D...', 21, Array)
#1 C:\Users\ASUS\Documents\tugas\tugas web framework\tugas\system\View\View.php(210): include('C:\\Users\\ASUS\\D...')
#2 C:\Users\ASUS\Documents\tugas\tugas web framework\tugas\system\View\View.php(213): CodeIgniter\View\View->CodeIgniter\View\{closure}()
#3 C:\Users\ASUS\Documents\tugas\tugas web framework\tugas\system\Common.php(1089): CodeIgniter\View\View->render('user/index', Array, true)
#4 C:\Users\ASUS\Documents\tugas\tugas web framework\tugas\app\Controllers\User.php(162): view('user/index', Array)
#5 C:\Users\ASUS\Documents\tugas\tugas web framework\tugas\system\CodeIgniter.php(832): App\Controllers\User->getdata()
#6 C:\Users\ASUS\Documents\tugas\tugas web framework\tugas\system\CodeIgniter.php(419): CodeIgniter\CodeIgniter->runController(Object(App\Controllers\User))
#7 C:\Users\ASUS\Documents\tugas\tugas web framework\tugas\system\CodeIgniter.php(326): CodeIgniter\CodeIgniter->handleRequest(NULL, Object(Config\Cache), false)
#8 C:\Users\ASUS\Documents\tugas\tugas web framework\tugas\public\index.php(37): CodeIgniter\CodeIgniter->run()
#9 C:\Users\ASUS\Documents\tugas\tugas web framework\tugas\system\Commands\Server\rewrite.php(43): require_once('C:\\Users\\ASUS\\D...')
#10 {main}
CRITICAL - 2022-05-27 02:16:37 --> Undefined variable: validation
#0 C:\Users\ASUS\Documents\tugas\tugas web framework\tugas\app\Views\user\form.php(18): CodeIgniter\Debug\Exceptions->errorHandler(8, 'Undefined varia...', 'C:\\Users\\ASUS\\D...', 18, Array)
#1 C:\Users\ASUS\Documents\tugas\tugas web framework\tugas\system\View\View.php(210): include('C:\\Users\\ASUS\\D...')
#2 C:\Users\ASUS\Documents\tugas\tugas web framework\tugas\system\View\View.php(213): CodeIgniter\View\View->CodeIgniter\View\{closure}()
#3 C:\Users\ASUS\Documents\tugas\tugas web framework\tugas\system\Common.php(1089): CodeIgniter\View\View->render('/user/form', Array, true)
#4 C:\Users\ASUS\Documents\tugas\tugas web framework\tugas\app\Controllers\User.php(173): view('/user/form')
#5 C:\Users\ASUS\Documents\tugas\tugas web framework\tugas\system\CodeIgniter.php(832): App\Controllers\User->getform()
#6 C:\Users\ASUS\Documents\tugas\tugas web framework\tugas\system\CodeIgniter.php(419): CodeIgniter\CodeIgniter->runController(Object(App\Controllers\User))
#7 C:\Users\ASUS\Documents\tugas\tugas web framework\tugas\system\CodeIgniter.php(326): CodeIgniter\CodeIgniter->handleRequest(NULL, Object(Config\Cache), false)
#8 C:\Users\ASUS\Documents\tugas\tugas web framework\tugas\public\index.php(37): CodeIgniter\CodeIgniter->run()
#9 C:\Users\ASUS\Documents\tugas\tugas web framework\tugas\system\Commands\Server\rewrite.php(43): require_once('C:\\Users\\ASUS\\D...')
#10 {main}
CRITICAL - 2022-05-27 02:18:39 --> Undefined variable: validation
#0 C:\Users\ASUS\Documents\tugas\tugas web framework\tugas\app\Views\user\form.php(18): CodeIgniter\Debug\Exceptions->errorHandler(8, 'Undefined varia...', 'C:\\Users\\ASUS\\D...', 18, Array)
#1 C:\Users\ASUS\Documents\tugas\tugas web framework\tugas\system\View\View.php(210): include('C:\\Users\\ASUS\\D...')
#2 C:\Users\ASUS\Documents\tugas\tugas web framework\tugas\system\View\View.php(213): CodeIgniter\View\View->CodeIgniter\View\{closure}()
#3 C:\Users\ASUS\Documents\tugas\tugas web framework\tugas\system\Common.php(1089): CodeIgniter\View\View->render('/user/form', Array, true)
#4 C:\Users\ASUS\Documents\tugas\tugas web framework\tugas\app\Controllers\User.php(173): view('/user/form')
#5 C:\Users\ASUS\Documents\tugas\tugas web framework\tugas\system\CodeIgniter.php(832): App\Controllers\User->getform()
#6 C:\Users\ASUS\Documents\tugas\tugas web framework\tugas\system\CodeIgniter.php(419): CodeIgniter\CodeIgniter->runController(Object(App\Controllers\User))
#7 C:\Users\ASUS\Documents\tugas\tugas web framework\tugas\system\CodeIgniter.php(326): CodeIgniter\CodeIgniter->handleRequest(NULL, Object(Config\Cache), false)
#8 C:\Users\ASUS\Documents\tugas\tugas web framework\tugas\public\index.php(37): CodeIgniter\CodeIgniter->run()
#9 C:\Users\ASUS\Documents\tugas\tugas web framework\tugas\system\Commands\Server\rewrite.php(43): require_once('C:\\Users\\ASUS\\D...')
#10 {main}
CRITICAL - 2022-05-27 02:25:04 --> Undefined variable: validation
#0 C:\Users\ASUS\Documents\tugas\tugas web framework\tugas\app\Views\user\form.php(18): CodeIgniter\Debug\Exceptions->errorHandler(8, 'Undefined varia...', 'C:\\Users\\ASUS\\D...', 18, Array)
#1 C:\Users\ASUS\Documents\tugas\tugas web framework\tugas\system\View\View.php(210): include('C:\\Users\\ASUS\\D...')
#2 C:\Users\ASUS\Documents\tugas\tugas web framework\tugas\system\View\View.php(213): CodeIgniter\View\View->CodeIgniter\View\{closure}()
#3 C:\Users\ASUS\Documents\tugas\tugas web framework\tugas\system\Common.php(1089): CodeIgniter\View\View->render('/user/form', Array, true)
#4 C:\Users\ASUS\Documents\tugas\tugas web framework\tugas\app\Controllers\User.php(173): view('/user/form')
#5 C:\Users\ASUS\Documents\tugas\tugas web framework\tugas\system\CodeIgniter.php(832): App\Controllers\User->getform()
#6 C:\Users\ASUS\Documents\tugas\tugas web framework\tugas\system\CodeIgniter.php(419): CodeIgniter\CodeIgniter->runController(Object(App\Controllers\User))
#7 C:\Users\ASUS\Documents\tugas\tugas web framework\tugas\system\CodeIgniter.php(326): CodeIgniter\CodeIgniter->handleRequest(NULL, Object(Config\Cache), false)
#8 C:\Users\ASUS\Documents\tugas\tugas web framework\tugas\public\index.php(37): CodeIgniter\CodeIgniter->run()
#9 C:\Users\ASUS\Documents\tugas\tugas web framework\tugas\system\Commands\Server\rewrite.php(43): require_once('C:\\Users\\ASUS\\D...')
#10 {main}
CRITICAL - 2022-05-27 02:25:15 --> Undefined variable: validation
#0 C:\Users\ASUS\Documents\tugas\tugas web framework\tugas\app\Views\user\form.php(18): CodeIgniter\Debug\Exceptions->errorHandler(8, 'Undefined varia...', 'C:\\Users\\ASUS\\D...', 18, Array)
#1 C:\Users\ASUS\Documents\tugas\tugas web framework\tugas\system\View\View.php(210): include('C:\\Users\\ASUS\\D...')
#2 C:\Users\ASUS\Documents\tugas\tugas web framework\tugas\system\View\View.php(213): CodeIgniter\View\View->CodeIgniter\View\{closure}()
#3 C:\Users\ASUS\Documents\tugas\tugas web framework\tugas\system\Common.php(1089): CodeIgniter\View\View->render('/user/form', Array, true)
#4 C:\Users\ASUS\Documents\tugas\tugas web framework\tugas\app\Controllers\User.php(173): view('/user/form')
#5 C:\Users\ASUS\Documents\tugas\tugas web framework\tugas\system\CodeIgniter.php(832): App\Controllers\User->getform()
#6 C:\Users\ASUS\Documents\tugas\tugas web framework\tugas\system\CodeIgniter.php(419): CodeIgniter\CodeIgniter->runController(Object(App\Controllers\User))
#7 C:\Users\ASUS\Documents\tugas\tugas web framework\tugas\system\CodeIgniter.php(326): CodeIgniter\CodeIgniter->handleRequest(NULL, Object(Config\Cache), false)
#8 C:\Users\ASUS\Documents\tugas\tugas web framework\tugas\public\index.php(37): CodeIgniter\CodeIgniter->run()
#9 C:\Users\ASUS\Documents\tugas\tugas web framework\tugas\system\Commands\Server\rewrite.php(43): require_once('C:\\Users\\ASUS\\D...')
#10 {main}
CRITICAL - 2022-05-27 02:25:16 --> Undefined variable: validation
#0 C:\Users\ASUS\Documents\tugas\tugas web framework\tugas\app\Views\user\form.php(18): CodeIgniter\Debug\Exceptions->errorHandler(8, 'Undefined varia...', 'C:\\Users\\ASUS\\D...', 18, Array)
#1 C:\Users\ASUS\Documents\tugas\tugas web framework\tugas\system\View\View.php(210): include('C:\\Users\\ASUS\\D...')
#2 C:\Users\ASUS\Documents\tugas\tugas web framework\tugas\system\View\View.php(213): CodeIgniter\View\View->CodeIgniter\View\{closure}()
#3 C:\Users\ASUS\Documents\tugas\tugas web framework\tugas\system\Common.php(1089): CodeIgniter\View\View->render('/user/form', Array, true)
#4 C:\Users\ASUS\Documents\tugas\tugas web framework\tugas\app\Controllers\User.php(173): view('/user/form')
#5 C:\Users\ASUS\Documents\tugas\tugas web framework\tugas\system\CodeIgniter.php(832): App\Controllers\User->getform()
#6 C:\Users\ASUS\Documents\tugas\tugas web framework\tugas\system\CodeIgniter.php(419): CodeIgniter\CodeIgniter->runController(Object(App\Controllers\User))
#7 C:\Users\ASUS\Documents\tugas\tugas web framework\tugas\system\CodeIgniter.php(326): CodeIgniter\CodeIgniter->handleRequest(NULL, Object(Config\Cache), false)
#8 C:\Users\ASUS\Documents\tugas\tugas web framework\tugas\public\index.php(37): CodeIgniter\CodeIgniter->run()
#9 C:\Users\ASUS\Documents\tugas\tugas web framework\tugas\system\Commands\Server\rewrite.php(43): require_once('C:\\Users\\ASUS\\D...')
#10 {main}
CRITICAL - 2022-05-27 02:25:16 --> Undefined variable: validation
#0 C:\Users\ASUS\Documents\tugas\tugas web framework\tugas\app\Views\user\form.php(18): CodeIgniter\Debug\Exceptions->errorHandler(8, 'Undefined varia...', 'C:\\Users\\ASUS\\D...', 18, Array)
#1 C:\Users\ASUS\Documents\tugas\tugas web framework\tugas\system\View\View.php(210): include('C:\\Users\\ASUS\\D...')
#2 C:\Users\ASUS\Documents\tugas\tugas web framework\tugas\system\View\View.php(213): CodeIgniter\View\View->CodeIgniter\View\{closure}()
#3 C:\Users\ASUS\Documents\tugas\tugas web framework\tugas\system\Common.php(1089): CodeIgniter\View\View->render('/user/form', Array, true)
#4 C:\Users\ASUS\Documents\tugas\tugas web framework\tugas\app\Controllers\User.php(173): view('/user/form')
#5 C:\Users\ASUS\Documents\tugas\tugas web framework\tugas\system\CodeIgniter.php(832): App\Controllers\User->getform()
#6 C:\Users\ASUS\Documents\tugas\tugas web framework\tugas\system\CodeIgniter.php(419): CodeIgniter\CodeIgniter->runController(Object(App\Controllers\User))
#7 C:\Users\ASUS\Documents\tugas\tugas web framework\tugas\system\CodeIgniter.php(326): CodeIgniter\CodeIgniter->handleRequest(NULL, Object(Config\Cache), false)
#8 C:\Users\ASUS\Documents\tugas\tugas web framework\tugas\public\index.php(37): CodeIgniter\CodeIgniter->run()
#9 C:\Users\ASUS\Documents\tugas\tugas web framework\tugas\system\Commands\Server\rewrite.php(43): require_once('C:\\Users\\ASUS\\D...')
#10 {main}
CRITICAL - 2022-05-27 02:25:16 --> Undefined variable: validation
#0 C:\Users\ASUS\Documents\tugas\tugas web framework\tugas\app\Views\user\form.php(18): CodeIgniter\Debug\Exceptions->errorHandler(8, 'Undefined varia...', 'C:\\Users\\ASUS\\D...', 18, Array)
#1 C:\Users\ASUS\Documents\tugas\tugas web framework\tugas\system\View\View.php(210): include('C:\\Users\\ASUS\\D...')
#2 C:\Users\ASUS\Documents\tugas\tugas web framework\tugas\system\View\View.php(213): CodeIgniter\View\View->CodeIgniter\View\{closure}()
#3 C:\Users\ASUS\Documents\tugas\tugas web framework\tugas\system\Common.php(1089): CodeIgniter\View\View->render('/user/form', Array, true)
#4 C:\Users\ASUS\Documents\tugas\tugas web framework\tugas\app\Controllers\User.php(173): view('/user/form')
#5 C:\Users\ASUS\Documents\tugas\tugas web framework\tugas\system\CodeIgniter.php(832): App\Controllers\User->getform()
#6 C:\Users\ASUS\Documents\tugas\tugas web framework\tugas\system\CodeIgniter.php(419): CodeIgniter\CodeIgniter->runController(Object(App\Controllers\User))
#7 C:\Users\ASUS\Documents\tugas\tugas web framework\tugas\system\CodeIgniter.php(326): CodeIgniter\CodeIgniter->handleRequest(NULL, Object(Config\Cache), false)
#8 C:\Users\ASUS\Documents\tugas\tugas web framework\tugas\public\index.php(37): CodeIgniter\CodeIgniter->run()
#9 C:\Users\ASUS\Documents\tugas\tugas web framework\tugas\system\Commands\Server\rewrite.php(43): require_once('C:\\Users\\ASUS\\D...')
#10 {main}
CRITICAL - 2022-05-27 02:28:24 --> Undefined variable: validation
#0 C:\Users\ASUS\Documents\tugas\tugas web framework\tugas\app\Views\user\form.php(18): CodeIgniter\Debug\Exceptions->errorHandler(8, 'Undefined varia...', 'C:\\Users\\ASUS\\D...', 18, Array)
#1 C:\Users\ASUS\Documents\tugas\tugas web framework\tugas\system\View\View.php(210): include('C:\\Users\\ASUS\\D...')
#2 C:\Users\ASUS\Documents\tugas\tugas web framework\tugas\system\View\View.php(213): CodeIgniter\View\View->CodeIgniter\View\{closure}()
#3 C:\Users\ASUS\Documents\tugas\tugas web framework\tugas\system\Common.php(1089): CodeIgniter\View\View->render('/user/form', Array, true)
#4 C:\Users\ASUS\Documents\tugas\tugas web framework\tugas\app\Controllers\User.php(173): view('/user/form')
#5 C:\Users\ASUS\Documents\tugas\tugas web framework\tugas\system\CodeIgniter.php(832): App\Controllers\User->getform()
#6 C:\Users\ASUS\Documents\tugas\tugas web framework\tugas\system\CodeIgniter.php(419): CodeIgniter\CodeIgniter->runController(Object(App\Controllers\User))
#7 C:\Users\ASUS\Documents\tugas\tugas web framework\tugas\system\CodeIgniter.php(326): CodeIgniter\CodeIgniter->handleRequest(NULL, Object(Config\Cache), false)
#8 C:\Users\ASUS\Documents\tugas\tugas web framework\tugas\public\index.php(37): CodeIgniter\CodeIgniter->run()
#9 C:\Users\ASUS\Documents\tugas\tugas web framework\tugas\system\Commands\Server\rewrite.php(43): require_once('C:\\Users\\ASUS\\D...')
#10 {main}
CRITICAL - 2022-05-27 02:28:24 --> Undefined variable: validation
#0 C:\Users\ASUS\Documents\tugas\tugas web framework\tugas\app\Views\user\form.php(18): CodeIgniter\Debug\Exceptions->errorHandler(8, 'Undefined varia...', 'C:\\Users\\ASUS\\D...', 18, Array)
#1 C:\Users\ASUS\Documents\tugas\tugas web framework\tugas\system\View\View.php(210): include('C:\\Users\\ASUS\\D...')
#2 C:\Users\ASUS\Documents\tugas\tugas web framework\tugas\system\View\View.php(213): CodeIgniter\View\View->CodeIgniter\View\{closure}()
#3 C:\Users\ASUS\Documents\tugas\tugas web framework\tugas\system\Common.php(1089): CodeIgniter\View\View->render('/user/form', Array, true)
#4 C:\Users\ASUS\Documents\tugas\tugas web framework\tugas\app\Controllers\User.php(173): view('/user/form')
#5 C:\Users\ASUS\Documents\tugas\tugas web framework\tugas\system\CodeIgniter.php(832): App\Controllers\User->getform()
#6 C:\Users\ASUS\Documents\tugas\tugas web framework\tugas\system\CodeIgniter.php(419): CodeIgniter\CodeIgniter->runController(Object(App\Controllers\User))
#7 C:\Users\ASUS\Documents\tugas\tugas web framework\tugas\system\CodeIgniter.php(326): CodeIgniter\CodeIgniter->handleRequest(NULL, Object(Config\Cache), false)
#8 C:\Users\ASUS\Documents\tugas\tugas web framework\tugas\public\index.php(37): CodeIgniter\CodeIgniter->run()
#9 C:\Users\ASUS\Documents\tugas\tugas web framework\tugas\system\Commands\Server\rewrite.php(43): require_once('C:\\Users\\ASUS\\D...')
#10 {main}
CRITICAL - 2022-05-27 02:33:12 --> Undefined variable: validation
#0 C:\Users\ASUS\Documents\tugas\tugas web framework\tugas\app\Views\user\form.php(18): CodeIgniter\Debug\Exceptions->errorHandler(8, 'Undefined varia...', 'C:\\Users\\ASUS\\D...', 18, Array)
#1 C:\Users\ASUS\Documents\tugas\tugas web framework\tugas\system\View\View.php(210): include('C:\\Users\\ASUS\\D...')
#2 C:\Users\ASUS\Documents\tugas\tugas web framework\tugas\system\View\View.php(213): CodeIgniter\View\View->CodeIgniter\View\{closure}()
#3 C:\Users\ASUS\Documents\tugas\tugas web framework\tugas\system\Common.php(1089): CodeIgniter\View\View->render('/user/form', Array, true)
#4 C:\Users\ASUS\Documents\tugas\tugas web framework\tugas\app\Controllers\User.php(173): view('/user/form')
#5 C:\Users\ASUS\Documents\tugas\tugas web framework\tugas\system\CodeIgniter.php(832): App\Controllers\User->getform()
#6 C:\Users\ASUS\Documents\tugas\tugas web framework\tugas\system\CodeIgniter.php(419): CodeIgniter\CodeIgniter->runController(Object(App\Controllers\User))
#7 C:\Users\ASUS\Documents\tugas\tugas web framework\tugas\system\CodeIgniter.php(326): CodeIgniter\CodeIgniter->handleRequest(NULL, Object(Config\Cache), false)
#8 C:\Users\ASUS\Documents\tugas\tugas web framework\tugas\public\index.php(37): CodeIgniter\CodeIgniter->run()
#9 C:\Users\ASUS\Documents\tugas\tugas web framework\tugas\system\Commands\Server\rewrite.php(43): require_once('C:\\Users\\ASUS\\D...')
#10 {main}
CRITICAL - 2022-05-27 02:33:13 --> Undefined variable: validation
#0 C:\Users\ASUS\Documents\tugas\tugas web framework\tugas\app\Views\user\form.php(18): CodeIgniter\Debug\Exceptions->errorHandler(8, 'Undefined varia...', 'C:\\Users\\ASUS\\D...', 18, Array)
#1 C:\Users\ASUS\Documents\tugas\tugas web framework\tugas\system\View\View.php(210): include('C:\\Users\\ASUS\\D...')
#2 C:\Users\ASUS\Documents\tugas\tugas web framework\tugas\system\View\View.php(213): CodeIgniter\View\View->CodeIgniter\View\{closure}()
#3 C:\Users\ASUS\Documents\tugas\tugas web framework\tugas\system\Common.php(1089): CodeIgniter\View\View->render('/user/form', Array, true)
#4 C:\Users\ASUS\Documents\tugas\tugas web framework\tugas\app\Controllers\User.php(173): view('/user/form')
#5 C:\Users\ASUS\Documents\tugas\tugas web framework\tugas\system\CodeIgniter.php(832): App\Controllers\User->getform()
#6 C:\Users\ASUS\Documents\tugas\tugas web framework\tugas\system\CodeIgniter.php(419): CodeIgniter\CodeIgniter->runController(Object(App\Controllers\User))
#7 C:\Users\ASUS\Documents\tugas\tugas web framework\tugas\system\CodeIgniter.php(326): CodeIgniter\CodeIgniter->handleRequest(NULL, Object(Config\Cache), false)
#8 C:\Users\ASUS\Documents\tugas\tugas web framework\tugas\public\index.php(37): CodeIgniter\CodeIgniter->run()
#9 C:\Users\ASUS\Documents\tugas\tugas web framework\tugas\system\Commands\Server\rewrite.php(43): require_once('C:\\Users\\ASUS\\D...')
#10 {main}
CRITICAL - 2022-05-27 02:33:34 --> Undefined variable: validation
#0 C:\Users\ASUS\Documents\tugas\tugas web framework\tugas\app\Views\user\form.php(18): CodeIgniter\Debug\Exceptions->errorHandler(8, 'Undefined varia...', 'C:\\Users\\ASUS\\D...', 18, Array)
#1 C:\Users\ASUS\Documents\tugas\tugas web framework\tugas\system\View\View.php(210): include('C:\\Users\\ASUS\\D...')
#2 C:\Users\ASUS\Documents\tugas\tugas web framework\tugas\system\View\View.php(213): CodeIgniter\View\View->CodeIgniter\View\{closure}()
#3 C:\Users\ASUS\Documents\tugas\tugas web framework\tugas\system\Common.php(1089): CodeIgniter\View\View->render('/user/form', Array, true)
#4 C:\Users\ASUS\Documents\tugas\tugas web framework\tugas\app\Controllers\User.php(173): view('/user/form')
#5 C:\Users\ASUS\Documents\tugas\tugas web framework\tugas\system\CodeIgniter.php(832): App\Controllers\User->getform()
#6 C:\Users\ASUS\Documents\tugas\tugas web framework\tugas\system\CodeIgniter.php(419): CodeIgniter\CodeIgniter->runController(Object(App\Controllers\User))
#7 C:\Users\ASUS\Documents\tugas\tugas web framework\tugas\system\CodeIgniter.php(326): CodeIgniter\CodeIgniter->handleRequest(NULL, Object(Config\Cache), false)
#8 C:\Users\ASUS\Documents\tugas\tugas web framework\tugas\public\index.php(37): CodeIgniter\CodeIgniter->run()
#9 C:\Users\ASUS\Documents\tugas\tugas web framework\tugas\system\Commands\Server\rewrite.php(43): require_once('C:\\Users\\ASUS\\D...')
#10 {main}
CRITICAL - 2022-05-27 02:33:48 --> Undefined variable: validation
#0 C:\Users\ASUS\Documents\tugas\tugas web framework\tugas\app\Views\user\form.php(18): CodeIgniter\Debug\Exceptions->errorHandler(8, 'Undefined varia...', 'C:\\Users\\ASUS\\D...', 18, Array)
#1 C:\Users\ASUS\Documents\tugas\tugas web framework\tugas\system\View\View.php(210): include('C:\\Users\\ASUS\\D...')
#2 C:\Users\ASUS\Documents\tugas\tugas web framework\tugas\system\View\View.php(213): CodeIgniter\View\View->CodeIgniter\View\{closure}()
#3 C:\Users\ASUS\Documents\tugas\tugas web framework\tugas\system\Common.php(1089): CodeIgniter\View\View->render('/user/form', Array, true)
#4 C:\Users\ASUS\Documents\tugas\tugas web framework\tugas\app\Controllers\User.php(173): view('/user/form')
#5 C:\Users\ASUS\Documents\tugas\tugas web framework\tugas\system\CodeIgniter.php(832): App\Controllers\User->getform()
#6 C:\Users\ASUS\Documents\tugas\tugas web framework\tugas\system\CodeIgniter.php(419): CodeIgniter\CodeIgniter->runController(Object(App\Controllers\User))
#7 C:\Users\ASUS\Documents\tugas\tugas web framework\tugas\system\CodeIgniter.php(326): CodeIgniter\CodeIgniter->handleRequest(NULL, Object(Config\Cache), false)
#8 C:\Users\ASUS\Documents\tugas\tugas web framework\tugas\public\index.php(37): CodeIgniter\CodeIgniter->run()
#9 C:\Users\ASUS\Documents\tugas\tugas web framework\tugas\system\Commands\Server\rewrite.php(43): require_once('C:\\Users\\ASUS\\D...')
#10 {main}
CRITICAL - 2022-05-27 02:36:09 --> Undefined variable: validation
#0 C:\Users\ASUS\Documents\tugas\tugas web framework\tugas\app\Views\user\form.php(16): CodeIgniter\Debug\Exceptions->errorHandler(8, 'Undefined varia...', 'C:\\Users\\ASUS\\D...', 16, Array)
#1 C:\Users\ASUS\Documents\tugas\tugas web framework\tugas\system\View\View.php(210): include('C:\\Users\\ASUS\\D...')
#2 C:\Users\ASUS\Documents\tugas\tugas web framework\tugas\system\View\View.php(213): CodeIgniter\View\View->CodeIgniter\View\{closure}()
#3 C:\Users\ASUS\Documents\tugas\tugas web framework\tugas\system\Common.php(1089): CodeIgniter\View\View->render('/user/form', Array, true)
#4 C:\Users\ASUS\Documents\tugas\tugas web framework\tugas\app\Controllers\User.php(173): view('/user/form')
#5 C:\Users\ASUS\Documents\tugas\tugas web framework\tugas\system\CodeIgniter.php(832): App\Controllers\User->getform()
#6 C:\Users\ASUS\Documents\tugas\tugas web framework\tugas\system\CodeIgniter.php(419): CodeIgniter\CodeIgniter->runController(Object(App\Controllers\User))
#7 C:\Users\ASUS\Documents\tugas\tugas web framework\tugas\system\CodeIgniter.php(326): CodeIgniter\CodeIgniter->handleRequest(NULL, Object(Config\Cache), false)
#8 C:\Users\ASUS\Documents\tugas\tugas web framework\tugas\public\index.php(37): CodeIgniter\CodeIgniter->run()
#9 C:\Users\ASUS\Documents\tugas\tugas web framework\tugas\system\Commands\Server\rewrite.php(43): require_once('C:\\Users\\ASUS\\D...')
#10 {main}
CRITICAL - 2022-05-27 02:36:47 --> Undefined variable: validation
#0 C:\Users\ASUS\Documents\tugas\tugas web framework\tugas\app\Views\user\form.php(16): CodeIgniter\Debug\Exceptions->errorHandler(8, 'Undefined varia...', 'C:\\Users\\ASUS\\D...', 16, Array)
#1 C:\Users\ASUS\Documents\tugas\tugas web framework\tugas\system\View\View.php(210): include('C:\\Users\\ASUS\\D...')
#2 C:\Users\ASUS\Documents\tugas\tugas web framework\tugas\system\View\View.php(213): CodeIgniter\View\View->CodeIgniter\View\{closure}()
#3 C:\Users\ASUS\Documents\tugas\tugas web framework\tugas\system\Common.php(1089): CodeIgniter\View\View->render('/user/form', Array, true)
#4 C:\Users\ASUS\Documents\tugas\tugas web framework\tugas\app\Controllers\User.php(173): view('/user/form')
#5 C:\Users\ASUS\Documents\tugas\tugas web framework\tugas\system\CodeIgniter.php(832): App\Controllers\User->getform()
#6 C:\Users\ASUS\Documents\tugas\tugas web framework\tugas\system\CodeIgniter.php(419): CodeIgniter\CodeIgniter->runController(Object(App\Controllers\User))
#7 C:\Users\ASUS\Documents\tugas\tugas web framework\tugas\system\CodeIgniter.php(326): CodeIgniter\CodeIgniter->handleRequest(NULL, Object(Config\Cache), false)
#8 C:\Users\ASUS\Documents\tugas\tugas web framework\tugas\public\index.php(37): CodeIgniter\CodeIgniter->run()
#9 C:\Users\ASUS\Documents\tugas\tugas web framework\tugas\system\Commands\Server\rewrite.php(43): require_once('C:\\Users\\ASUS\\D...')
#10 {main}
CRITICAL - 2022-05-27 02:39:33 --> Undefined variable: validation
#0 C:\Users\ASUS\Documents\tugas\tugas web framework\tugas\app\Views\user\form.php(37): CodeIgniter\Debug\Exceptions->errorHandler(8, 'Undefined varia...', 'C:\\Users\\ASUS\\D...', 37, Array)
#1 C:\Users\ASUS\Documents\tugas\tugas web framework\tugas\system\View\View.php(210): include('C:\\Users\\ASUS\\D...')
#2 C:\Users\ASUS\Documents\tugas\tugas web framework\tugas\system\View\View.php(213): CodeIgniter\View\View->CodeIgniter\View\{closure}()
#3 C:\Users\ASUS\Documents\tugas\tugas web framework\tugas\system\Common.php(1089): CodeIgniter\View\View->render('/user/form', Array, true)
#4 C:\Users\ASUS\Documents\tugas\tugas web framework\tugas\app\Controllers\User.php(173): view('/user/form')
#5 C:\Users\ASUS\Documents\tugas\tugas web framework\tugas\system\CodeIgniter.php(832): App\Controllers\User->getform()
#6 C:\Users\ASUS\Documents\tugas\tugas web framework\tugas\system\CodeIgniter.php(419): CodeIgniter\CodeIgniter->runController(Object(App\Controllers\User))
#7 C:\Users\ASUS\Documents\tugas\tugas web framework\tugas\system\CodeIgniter.php(326): CodeIgniter\CodeIgniter->handleRequest(NULL, Object(Config\Cache), false)
#8 C:\Users\ASUS\Documents\tugas\tugas web framework\tugas\public\index.php(37): CodeIgniter\CodeIgniter->run()
#9 C:\Users\ASUS\Documents\tugas\tugas web framework\tugas\system\Commands\Server\rewrite.php(43): require_once('C:\\Users\\ASUS\\D...')
#10 {main}
CRITICAL - 2022-05-27 02:40:12 --> Undefined variable: validation
#0 C:\Users\ASUS\Documents\tugas\tugas web framework\tugas\app\Views\user\form.php(16): CodeIgniter\Debug\Exceptions->errorHandler(8, 'Undefined varia...', 'C:\\Users\\ASUS\\D...', 16, Array)
#1 C:\Users\ASUS\Documents\tugas\tugas web framework\tugas\system\View\View.php(210): include('C:\\Users\\ASUS\\D...')
#2 C:\Users\ASUS\Documents\tugas\tugas web framework\tugas\system\View\View.php(213): CodeIgniter\View\View->CodeIgniter\View\{closure}()
#3 C:\Users\ASUS\Documents\tugas\tugas web framework\tugas\system\Common.php(1089): CodeIgniter\View\View->render('/user/form', Array, true)
#4 C:\Users\ASUS\Documents\tugas\tugas web framework\tugas\app\Controllers\User.php(173): view('/user/form')
#5 C:\Users\ASUS\Documents\tugas\tugas web framework\tugas\system\CodeIgniter.php(832): App\Controllers\User->getform()
#6 C:\Users\ASUS\Documents\tugas\tugas web framework\tugas\system\CodeIgniter.php(419): CodeIgniter\CodeIgniter->runController(Object(App\Controllers\User))
#7 C:\Users\ASUS\Documents\tugas\tugas web framework\tugas\system\CodeIgniter.php(326): CodeIgniter\CodeIgniter->handleRequest(NULL, Object(Config\Cache), false)
#8 C:\Users\ASUS\Documents\tugas\tugas web framework\tugas\public\index.php(37): CodeIgniter\CodeIgniter->run()
#9 C:\Users\ASUS\Documents\tugas\tugas web framework\tugas\system\Commands\Server\rewrite.php(43): require_once('C:\\Users\\ASUS\\D...')
#10 {main}
CRITICAL - 2022-05-27 02:40:15 --> Undefined variable: validation
#0 C:\Users\ASUS\Documents\tugas\tugas web framework\tugas\app\Views\user\form.php(16): CodeIgniter\Debug\Exceptions->errorHandler(8, 'Undefined varia...', 'C:\\Users\\ASUS\\D...', 16, Array)
#1 C:\Users\ASUS\Documents\tugas\tugas web framework\tugas\system\View\View.php(210): include('C:\\Users\\ASUS\\D...')
#2 C:\Users\ASUS\Documents\tugas\tugas web framework\tugas\system\View\View.php(213): CodeIgniter\View\View->CodeIgniter\View\{closure}()
#3 C:\Users\ASUS\Documents\tugas\tugas web framework\tugas\system\Common.php(1089): CodeIgniter\View\View->render('/user/form', Array, true)
#4 C:\Users\ASUS\Documents\tugas\tugas web framework\tugas\app\Controllers\User.php(173): view('/user/form')
#5 C:\Users\ASUS\Documents\tugas\tugas web framework\tugas\system\CodeIgniter.php(832): App\Controllers\User->getform()
#6 C:\Users\ASUS\Documents\tugas\tugas web framework\tugas\system\CodeIgniter.php(419): CodeIgniter\CodeIgniter->runController(Object(App\Controllers\User))
#7 C:\Users\ASUS\Documents\tugas\tugas web framework\tugas\system\CodeIgniter.php(326): CodeIgniter\CodeIgniter->handleRequest(NULL, Object(Config\Cache), false)
#8 C:\Users\ASUS\Documents\tugas\tugas web framework\tugas\public\index.php(37): CodeIgniter\CodeIgniter->run()
#9 C:\Users\ASUS\Documents\tugas\tugas web framework\tugas\system\Commands\Server\rewrite.php(43): require_once('C:\\Users\\ASUS\\D...')
#10 {main}
CRITICAL - 2022-05-27 02:42:19 --> Undefined variable: item
#0 C:\Users\ASUS\Documents\tugas\tugas web framework\tugas\app\Views\user\detail.php(13): CodeIgniter\Debug\Exceptions->errorHandler(8, 'Undefined varia...', 'C:\\Users\\ASUS\\D...', 13, Array)
#1 C:\Users\ASUS\Documents\tugas\tugas web framework\tugas\system\View\View.php(210): include('C:\\Users\\ASUS\\D...')
#2 C:\Users\ASUS\Documents\tugas\tugas web framework\tugas\system\View\View.php(213): CodeIgniter\View\View->CodeIgniter\View\{closure}()
#3 C:\Users\ASUS\Documents\tugas\tugas web framework\tugas\system\Common.php(1089): CodeIgniter\View\View->render('user/detail', Array, true)
#4 C:\Users\ASUS\Documents\tugas\tugas web framework\tugas\app\Controllers\User.php(48): view('user/detail', Array)
#5 C:\Users\ASUS\Documents\tugas\tugas web framework\tugas\system\CodeIgniter.php(832): App\Controllers\User->detail('Naufal')
#6 C:\Users\ASUS\Documents\tugas\tugas web framework\tugas\system\CodeIgniter.php(419): CodeIgniter\CodeIgniter->runController(Object(App\Controllers\User))
#7 C:\Users\ASUS\Documents\tugas\tugas web framework\tugas\system\CodeIgniter.php(326): CodeIgniter\CodeIgniter->handleRequest(NULL, Object(Config\Cache), false)
#8 C:\Users\ASUS\Documents\tugas\tugas web framework\tugas\public\index.php(37): CodeIgniter\CodeIgniter->run()
#9 C:\Users\ASUS\Documents\tugas\tugas web framework\tugas\system\Commands\Server\rewrite.php(43): require_once('C:\\Users\\ASUS\\D...')
#10 {main}
CRITICAL - 2022-05-27 03:15:31 --> Undefined variable: validation
#0 C:\Users\ASUS\Documents\tugas\tugas web framework\tugas\app\Views\user\form.php(16): CodeIgniter\Debug\Exceptions->errorHandler(8, 'Undefined varia...', 'C:\\Users\\ASUS\\D...', 16, Array)
#1 C:\Users\ASUS\Documents\tugas\tugas web framework\tugas\system\View\View.php(210): include('C:\\Users\\ASUS\\D...')
#2 C:\Users\ASUS\Documents\tugas\tugas web framework\tugas\system\View\View.php(213): CodeIgniter\View\View->CodeIgniter\View\{closure}()
#3 C:\Users\ASUS\Documents\tugas\tugas web framework\tugas\system\Common.php(1089): CodeIgniter\View\View->render('/user/form', Array, true)
#4 C:\Users\ASUS\Documents\tugas\tugas web framework\tugas\app\Controllers\User.php(173): view('/user/form')
#5 C:\Users\ASUS\Documents\tugas\tugas web framework\tugas\system\CodeIgniter.php(832): App\Controllers\User->getform()
#6 C:\Users\ASUS\Documents\tugas\tugas web framework\tugas\system\CodeIgniter.php(419): CodeIgniter\CodeIgniter->runController(Object(App\Controllers\User))
#7 C:\Users\ASUS\Documents\tugas\tugas web framework\tugas\system\CodeIgniter.php(326): CodeIgniter\CodeIgniter->handleRequest(NULL, Object(Config\Cache), false)
#8 C:\Users\ASUS\Documents\tugas\tugas web framework\tugas\public\index.php(37): CodeIgniter\CodeIgniter->run()
#9 C:\Users\ASUS\Documents\tugas\tugas web framework\tugas\system\Commands\Server\rewrite.php(43): require_once('C:\\Users\\ASUS\\D...')
#10 {main}
CRITICAL - 2022-05-27 03:15:48 --> Undefined variable: validation
#0 C:\Users\ASUS\Documents\tugas\tugas web framework\tugas\app\Views\user\form.php(16): CodeIgniter\Debug\Exceptions->errorHandler(8, 'Undefined varia...', 'C:\\Users\\ASUS\\D...', 16, Array)
#1 C:\Users\ASUS\Documents\tugas\tugas web framework\tugas\system\View\View.php(210): include('C:\\Users\\ASUS\\D...')
#2 C:\Users\ASUS\Documents\tugas\tugas web framework\tugas\system\View\View.php(213): CodeIgniter\View\View->CodeIgniter\View\{closure}()
#3 C:\Users\ASUS\Documents\tugas\tugas web framework\tugas\system\Common.php(1089): CodeIgniter\View\View->render('/user/form', Array, true)
#4 C:\Users\ASUS\Documents\tugas\tugas web framework\tugas\app\Controllers\User.php(173): view('/user/form')
#5 C:\Users\ASUS\Documents\tugas\tugas web framework\tugas\system\CodeIgniter.php(832): App\Controllers\User->getform()
#6 C:\Users\ASUS\Documents\tugas\tugas web framework\tugas\system\CodeIgniter.php(419): CodeIgniter\CodeIgniter->runController(Object(App\Controllers\User))
#7 C:\Users\ASUS\Documents\tugas\tugas web framework\tugas\system\CodeIgniter.php(326): CodeIgniter\CodeIgniter->handleRequest(NULL, Object(Config\Cache), false)
#8 C:\Users\ASUS\Documents\tugas\tugas web framework\tugas\public\index.php(37): CodeIgniter\CodeIgniter->run()
#9 C:\Users\ASUS\Documents\tugas\tugas web framework\tugas\system\Commands\Server\rewrite.php(43): require_once('C:\\Users\\ASUS\\D...')
#10 {main}
CRITICAL - 2022-05-27 03:17:20 --> Undefined variable: validation
#0 C:\Users\ASUS\Documents\tugas\tugas web framework\tugas\app\Views\user\form.php(16): CodeIgniter\Debug\Exceptions->errorHandler(8, 'Undefined varia...', 'C:\\Users\\ASUS\\D...', 16, Array)
#1 C:\Users\ASUS\Documents\tugas\tugas web framework\tugas\system\View\View.php(210): include('C:\\Users\\ASUS\\D...')
#2 C:\Users\ASUS\Documents\tugas\tugas web framework\tugas\system\View\View.php(213): CodeIgniter\View\View->CodeIgniter\View\{closure}()
#3 C:\Users\ASUS\Documents\tugas\tugas web framework\tugas\system\Common.php(1089): CodeIgniter\View\View->render('/user/form', Array, true)
#4 C:\Users\ASUS\Documents\tugas\tugas web framework\tugas\app\Controllers\User.php(173): view('/user/form')
#5 C:\Users\ASUS\Documents\tugas\tugas web framework\tugas\system\CodeIgniter.php(832): App\Controllers\User->getform()
#6 C:\Users\ASUS\Documents\tugas\tugas web framework\tugas\system\CodeIgniter.php(419): CodeIgniter\CodeIgniter->runController(Object(App\Controllers\User))
#7 C:\Users\ASUS\Documents\tugas\tugas web framework\tugas\system\CodeIgniter.php(326): CodeIgniter\CodeIgniter->handleRequest(NULL, Object(Config\Cache), false)
#8 C:\Users\ASUS\Documents\tugas\tugas web framework\tugas\public\index.php(37): CodeIgniter\CodeIgniter->run()
#9 C:\Users\ASUS\Documents\tugas\tugas web framework\tugas\system\Commands\Server\rewrite.php(43): require_once('C:\\Users\\ASUS\\D...')
#10 {main}
CRITICAL - 2022-05-27 03:17:24 --> Undefined variable: validation
#0 C:\Users\ASUS\Documents\tugas\tugas web framework\tugas\app\Views\user\form.php(16): CodeIgniter\Debug\Exceptions->errorHandler(8, 'Undefined varia...', 'C:\\Users\\ASUS\\D...', 16, Array)
#1 C:\Users\ASUS\Documents\tugas\tugas web framework\tugas\system\View\View.php(210): include('C:\\Users\\ASUS\\D...')
#2 C:\Users\ASUS\Documents\tugas\tugas web framework\tugas\system\View\View.php(213): CodeIgniter\View\View->CodeIgniter\View\{closure}()
#3 C:\Users\ASUS\Documents\tugas\tugas web framework\tugas\system\Common.php(1089): CodeIgniter\View\View->render('/user/form', Array, true)
#4 C:\Users\ASUS\Documents\tugas\tugas web framework\tugas\app\Controllers\User.php(173): view('/user/form')
#5 C:\Users\ASUS\Documents\tugas\tugas web framework\tugas\system\CodeIgniter.php(832): App\Controllers\User->getform()
#6 C:\Users\ASUS\Documents\tugas\tugas web framework\tugas\system\CodeIgniter.php(419): CodeIgniter\CodeIgniter->runController(Object(App\Controllers\User))
#7 C:\Users\ASUS\Documents\tugas\tugas web framework\tugas\system\CodeIgniter.php(326): CodeIgniter\CodeIgniter->handleRequest(NULL, Object(Config\Cache), false)
#8 C:\Users\ASUS\Documents\tugas\tugas web framework\tugas\public\index.php(37): CodeIgniter\CodeIgniter->run()
#9 C:\Users\ASUS\Documents\tugas\tugas web framework\tugas\system\Commands\Server\rewrite.php(43): require_once('C:\\Users\\ASUS\\D...')
#10 {main}
CRITICAL - 2022-05-27 03:17:25 --> Undefined variable: validation
#0 C:\Users\ASUS\Documents\tugas\tugas web framework\tugas\app\Views\user\form.php(16): CodeIgniter\Debug\Exceptions->errorHandler(8, 'Undefined varia...', 'C:\\Users\\ASUS\\D...', 16, Array)
#1 C:\Users\ASUS\Documents\tugas\tugas web framework\tugas\system\View\View.php(210): include('C:\\Users\\ASUS\\D...')
#2 C:\Users\ASUS\Documents\tugas\tugas web framework\tugas\system\View\View.php(213): CodeIgniter\View\View->CodeIgniter\View\{closure}()
#3 C:\Users\ASUS\Documents\tugas\tugas web framework\tugas\system\Common.php(1089): CodeIgniter\View\View->render('/user/form', Array, true)
#4 C:\Users\ASUS\Documents\tugas\tugas web framework\tugas\app\Controllers\User.php(173): view('/user/form')
#5 C:\Users\ASUS\Documents\tugas\tugas web framework\tugas\system\CodeIgniter.php(832): App\Controllers\User->getform()
#6 C:\Users\ASUS\Documents\tugas\tugas web framework\tugas\system\CodeIgniter.php(419): CodeIgniter\CodeIgniter->runController(Object(App\Controllers\User))
#7 C:\Users\ASUS\Documents\tugas\tugas web framework\tugas\system\CodeIgniter.php(326): CodeIgniter\CodeIgniter->handleRequest(NULL, Object(Config\Cache), false)
#8 C:\Users\ASUS\Documents\tugas\tugas web framework\tugas\public\index.php(37): CodeIgniter\CodeIgniter->run()
#9 C:\Users\ASUS\Documents\tugas\tugas web framework\tugas\system\Commands\Server\rewrite.php(43): require_once('C:\\Users\\ASUS\\D...')
#10 {main}
CRITICAL - 2022-05-27 03:17:54 --> Undefined variable: validation
#0 C:\Users\ASUS\Documents\tugas\tugas web framework\tugas\app\Views\user\form.php(16): CodeIgniter\Debug\Exceptions->errorHandler(8, 'Undefined varia...', 'C:\\Users\\ASUS\\D...', 16, Array)
#1 C:\Users\ASUS\Documents\tugas\tugas web framework\tugas\system\View\View.php(210): include('C:\\Users\\ASUS\\D...')
#2 C:\Users\ASUS\Documents\tugas\tugas web framework\tugas\system\View\View.php(213): CodeIgniter\View\View->CodeIgniter\View\{closure}()
#3 C:\Users\ASUS\Documents\tugas\tugas web framework\tugas\system\Common.php(1089): CodeIgniter\View\View->render('/user/form', Array, true)
#4 C:\Users\ASUS\Documents\tugas\tugas web framework\tugas\app\Controllers\User.php(173): view('/user/form')
#5 C:\Users\ASUS\Documents\tugas\tugas web framework\tugas\system\CodeIgniter.php(832): App\Controllers\User->getform()
#6 C:\Users\ASUS\Documents\tugas\tugas web framework\tugas\system\CodeIgniter.php(419): CodeIgniter\CodeIgniter->runController(Object(App\Controllers\User))
#7 C:\Users\ASUS\Documents\tugas\tugas web framework\tugas\system\CodeIgniter.php(326): CodeIgniter\CodeIgniter->handleRequest(NULL, Object(Config\Cache), false)
#8 C:\Users\ASUS\Documents\tugas\tugas web framework\tugas\public\index.php(37): CodeIgniter\CodeIgniter->run()
#9 C:\Users\ASUS\Documents\tugas\tugas web framework\tugas\system\Commands\Server\rewrite.php(43): require_once('C:\\Users\\ASUS\\D...')
#10 {main}
CRITICAL - 2022-05-27 03:18:41 --> Undefined variable: validation
#0 C:\Users\ASUS\Documents\tugas\tugas web framework\tugas\app\Views\user\form.php(16): CodeIgniter\Debug\Exceptions->errorHandler(8, 'Undefined varia...', 'C:\\Users\\ASUS\\D...', 16, Array)
#1 C:\Users\ASUS\Documents\tugas\tugas web framework\tugas\system\View\View.php(210): include('C:\\Users\\ASUS\\D...')
#2 C:\Users\ASUS\Documents\tugas\tugas web framework\tugas\system\View\View.php(213): CodeIgniter\View\View->CodeIgniter\View\{closure}()
#3 C:\Users\ASUS\Documents\tugas\tugas web framework\tugas\system\Common.php(1089): CodeIgniter\View\View->render('/user/form', Array, true)
#4 C:\Users\ASUS\Documents\tugas\tugas web framework\tugas\app\Controllers\User.php(173): view('/user/form')
#5 C:\Users\ASUS\Documents\tugas\tugas web framework\tugas\system\CodeIgniter.php(832): App\Controllers\User->getform()
#6 C:\Users\ASUS\Documents\tugas\tugas web framework\tugas\system\CodeIgniter.php(419): CodeIgniter\CodeIgniter->runController(Object(App\Controllers\User))
#7 C:\Users\ASUS\Documents\tugas\tugas web framework\tugas\system\CodeIgniter.php(326): CodeIgniter\CodeIgniter->handleRequest(NULL, Object(Config\Cache), false)
#8 C:\Users\ASUS\Documents\tugas\tugas web framework\tugas\public\index.php(37): CodeIgniter\CodeIgniter->run()
#9 C:\Users\ASUS\Documents\tugas\tugas web framework\tugas\system\Commands\Server\rewrite.php(43): require_once('C:\\Users\\ASUS\\D...')
#10 {main}
CRITICAL - 2022-05-27 03:18:44 --> Undefined variable: validation
#0 C:\Users\ASUS\Documents\tugas\tugas web framework\tugas\app\Views\user\form.php(16): CodeIgniter\Debug\Exceptions->errorHandler(8, 'Undefined varia...', 'C:\\Users\\ASUS\\D...', 16, Array)
#1 C:\Users\ASUS\Documents\tugas\tugas web framework\tugas\system\View\View.php(210): include('C:\\Users\\ASUS\\D...')
#2 C:\Users\ASUS\Documents\tugas\tugas web framework\tugas\system\View\View.php(213): CodeIgniter\View\View->CodeIgniter\View\{closure}()
#3 C:\Users\ASUS\Documents\tugas\tugas web framework\tugas\system\Common.php(1089): CodeIgniter\View\View->render('/user/form', Array, true)
#4 C:\Users\ASUS\Documents\tugas\tugas web framework\tugas\app\Controllers\User.php(173): view('/user/form')
#5 C:\Users\ASUS\Documents\tugas\tugas web framework\tugas\system\CodeIgniter.php(832): App\Controllers\User->getform()
#6 C:\Users\ASUS\Documents\tugas\tugas web framework\tugas\system\CodeIgniter.php(419): CodeIgniter\CodeIgniter->runController(Object(App\Controllers\User))
#7 C:\Users\ASUS\Documents\tugas\tugas web framework\tugas\system\CodeIgniter.php(326): CodeIgniter\CodeIgniter->handleRequest(NULL, Object(Config\Cache), false)
#8 C:\Users\ASUS\Documents\tugas\tugas web framework\tugas\public\index.php(37): CodeIgniter\CodeIgniter->run()
#9 C:\Users\ASUS\Documents\tugas\tugas web framework\tugas\system\Commands\Server\rewrite.php(43): require_once('C:\\Users\\ASUS\\D...')
#10 {main}
CRITICAL - 2022-05-27 03:18:45 --> Undefined variable: validation
#0 C:\Users\ASUS\Documents\tugas\tugas web framework\tugas\app\Views\user\form.php(16): CodeIgniter\Debug\Exceptions->errorHandler(8, 'Undefined varia...', 'C:\\Users\\ASUS\\D...', 16, Array)
#1 C:\Users\ASUS\Documents\tugas\tugas web framework\tugas\system\View\View.php(210): include('C:\\Users\\ASUS\\D...')
#2 C:\Users\ASUS\Documents\tugas\tugas web framework\tugas\system\View\View.php(213): CodeIgniter\View\View->CodeIgniter\View\{closure}()
#3 C:\Users\ASUS\Documents\tugas\tugas web framework\tugas\system\Common.php(1089): CodeIgniter\View\View->render('/user/form', Array, true)
#4 C:\Users\ASUS\Documents\tugas\tugas web framework\tugas\app\Controllers\User.php(173): view('/user/form')
#5 C:\Users\ASUS\Documents\tugas\tugas web framework\tugas\system\CodeIgniter.php(832): App\Controllers\User->getform()
#6 C:\Users\ASUS\Documents\tugas\tugas web framework\tugas\system\CodeIgniter.php(419): CodeIgniter\CodeIgniter->runController(Object(App\Controllers\User))
#7 C:\Users\ASUS\Documents\tugas\tugas web framework\tugas\system\CodeIgniter.php(326): CodeIgniter\CodeIgniter->handleRequest(NULL, Object(Config\Cache), false)
#8 C:\Users\ASUS\Documents\tugas\tugas web framework\tugas\public\index.php(37): CodeIgniter\CodeIgniter->run()
#9 C:\Users\ASUS\Documents\tugas\tugas web framework\tugas\system\Commands\Server\rewrite.php(43): require_once('C:\\Users\\ASUS\\D...')
#10 {main}
CRITICAL - 2022-05-27 03:19:59 --> Undefined variable: validation
#0 C:\Users\ASUS\Documents\tugas\tugas web framework\tugas\app\Views\user\form.php(16): CodeIgniter\Debug\Exceptions->errorHandler(8, 'Undefined varia...', 'C:\\Users\\ASUS\\D...', 16, Array)
#1 C:\Users\ASUS\Documents\tugas\tugas web framework\tugas\system\View\View.php(210): include('C:\\Users\\ASUS\\D...')
#2 C:\Users\ASUS\Documents\tugas\tugas web framework\tugas\system\View\View.php(213): CodeIgniter\View\View->CodeIgniter\View\{closure}()
#3 C:\Users\ASUS\Documents\tugas\tugas web framework\tugas\system\Common.php(1089): CodeIgniter\View\View->render('/user/form', Array, true)
#4 C:\Users\ASUS\Documents\tugas\tugas web framework\tugas\app\Controllers\User.php(173): view('/user/form')
#5 C:\Users\ASUS\Documents\tugas\tugas web framework\tugas\system\CodeIgniter.php(832): App\Controllers\User->getform()
#6 C:\Users\ASUS\Documents\tugas\tugas web framework\tugas\system\CodeIgniter.php(419): CodeIgniter\CodeIgniter->runController(Object(App\Controllers\User))
#7 C:\Users\ASUS\Documents\tugas\tugas web framework\tugas\system\CodeIgniter.php(326): CodeIgniter\CodeIgniter->handleRequest(NULL, Object(Config\Cache), false)
#8 C:\Users\ASUS\Documents\tugas\tugas web framework\tugas\public\index.php(37): CodeIgniter\CodeIgniter->run()
#9 C:\Users\ASUS\Documents\tugas\tugas web framework\tugas\system\Commands\Server\rewrite.php(43): require_once('C:\\Users\\ASUS\\D...')
#10 {main}
CRITICAL - 2022-05-27 03:22:44 --> Undefined variable: validation
#0 C:\Users\ASUS\Documents\tugas\tugas web framework\tugas\app\Views\user\form.php(16): CodeIgniter\Debug\Exceptions->errorHandler(8, 'Undefined varia...', 'C:\\Users\\ASUS\\D...', 16, Array)
#1 C:\Users\ASUS\Documents\tugas\tugas web framework\tugas\system\View\View.php(210): include('C:\\Users\\ASUS\\D...')
#2 C:\Users\ASUS\Documents\tugas\tugas web framework\tugas\system\View\View.php(213): CodeIgniter\View\View->CodeIgniter\View\{closure}()
#3 C:\Users\ASUS\Documents\tugas\tugas web framework\tugas\system\Common.php(1089): CodeIgniter\View\View->render('/user/form', Array, true)
#4 C:\Users\ASUS\Documents\tugas\tugas web framework\tugas\app\Controllers\User.php(173): view('/user/form')
#5 C:\Users\ASUS\Documents\tugas\tugas web framework\tugas\system\CodeIgniter.php(832): App\Controllers\User->getform()
#6 C:\Users\ASUS\Documents\tugas\tugas web framework\tugas\system\CodeIgniter.php(419): CodeIgniter\CodeIgniter->runController(Object(App\Controllers\User))
#7 C:\Users\ASUS\Documents\tugas\tugas web framework\tugas\system\CodeIgniter.php(326): CodeIgniter\CodeIgniter->handleRequest(NULL, Object(Config\Cache), false)
#8 C:\Users\ASUS\Documents\tugas\tugas web framework\tugas\public\index.php(37): CodeIgniter\CodeIgniter->run()
#9 C:\Users\ASUS\Documents\tugas\tugas web framework\tugas\system\Commands\Server\rewrite.php(43): require_once('C:\\Users\\ASUS\\D...')
#10 {main}
CRITICAL - 2022-05-27 03:22:45 --> Undefined variable: validation
#0 C:\Users\ASUS\Documents\tugas\tugas web framework\tugas\app\Views\user\form.php(16): CodeIgniter\Debug\Exceptions->errorHandler(8, 'Undefined varia...', 'C:\\Users\\ASUS\\D...', 16, Array)
#1 C:\Users\ASUS\Documents\tugas\tugas web framework\tugas\system\View\View.php(210): include('C:\\Users\\ASUS\\D...')
#2 C:\Users\ASUS\Documents\tugas\tugas web framework\tugas\system\View\View.php(213): CodeIgniter\View\View->CodeIgniter\View\{closure}()
#3 C:\Users\ASUS\Documents\tugas\tugas web framework\tugas\system\Common.php(1089): CodeIgniter\View\View->render('/user/form', Array, true)
#4 C:\Users\ASUS\Documents\tugas\tugas web framework\tugas\app\Controllers\User.php(173): view('/user/form')
#5 C:\Users\ASUS\Documents\tugas\tugas web framework\tugas\system\CodeIgniter.php(832): App\Controllers\User->getform()
#6 C:\Users\ASUS\Documents\tugas\tugas web framework\tugas\system\CodeIgniter.php(419): CodeIgniter\CodeIgniter->runController(Object(App\Controllers\User))
#7 C:\Users\ASUS\Documents\tugas\tugas web framework\tugas\system\CodeIgniter.php(326): CodeIgniter\CodeIgniter->handleRequest(NULL, Object(Config\Cache), false)
#8 C:\Users\ASUS\Documents\tugas\tugas web framework\tugas\public\index.php(37): CodeIgniter\CodeIgniter->run()
#9 C:\Users\ASUS\Documents\tugas\tugas web framework\tugas\system\Commands\Server\rewrite.php(43): require_once('C:\\Users\\ASUS\\D...')
#10 {main}
CRITICAL - 2022-05-27 03:23:15 --> Undefined variable: validation
#0 C:\Users\ASUS\Documents\tugas\tugas web framework\tugas\app\Views\user\form.php(16): CodeIgniter\Debug\Exceptions->errorHandler(8, 'Undefined varia...', 'C:\\Users\\ASUS\\D...', 16, Array)
#1 C:\Users\ASUS\Documents\tugas\tugas web framework\tugas\system\View\View.php(210): include('C:\\Users\\ASUS\\D...')
#2 C:\Users\ASUS\Documents\tugas\tugas web framework\tugas\system\View\View.php(213): CodeIgniter\View\View->CodeIgniter\View\{closure}()
#3 C:\Users\ASUS\Documents\tugas\tugas web framework\tugas\system\Common.php(1089): CodeIgniter\View\View->render('/user/form', Array, true)
#4 C:\Users\ASUS\Documents\tugas\tugas web framework\tugas\app\Controllers\User.php(173): view('/user/form')
#5 C:\Users\ASUS\Documents\tugas\tugas web framework\tugas\system\CodeIgniter.php(832): App\Controllers\User->getform()
#6 C:\Users\ASUS\Documents\tugas\tugas web framework\tugas\system\CodeIgniter.php(419): CodeIgniter\CodeIgniter->runController(Object(App\Controllers\User))
#7 C:\Users\ASUS\Documents\tugas\tugas web framework\tugas\system\CodeIgniter.php(326): CodeIgniter\CodeIgniter->handleRequest(NULL, Object(Config\Cache), false)
#8 C:\Users\ASUS\Documents\tugas\tugas web framework\tugas\public\index.php(37): CodeIgniter\CodeIgniter->run()
#9 C:\Users\ASUS\Documents\tugas\tugas web framework\tugas\system\Commands\Server\rewrite.php(43): require_once('C:\\Users\\ASUS\\D...')
#10 {main}
