CRITICAL - 2022-04-20 21:05:42 --> Undefined property: App\Controllers\Cari::$input
#0 C:\Users\Administrator\Desktop\tugas\app\Controllers\Cari.php(11): CodeIgniter\Debug\Exceptions->errorHandler(8, 'Undefined prope...', 'C:\\Users\\Admini...', 11, Array)
#1 C:\Users\Administrator\Desktop\tugas\system\CodeIgniter.php(832): App\Controllers\Cari->index()
#2 C:\Users\Administrator\Desktop\tugas\system\CodeIgniter.php(419): CodeIgniter\CodeIgniter->runController(Object(App\Controllers\Cari))
#3 C:\Users\Administrator\Desktop\tugas\system\CodeIgniter.php(326): CodeIgniter\CodeIgniter->handleRequest(NULL, Object(Config\Cache), false)
#4 C:\Users\Administrator\Desktop\tugas\public\index.php(37): CodeIgniter\CodeIgniter->run()
#5 C:\Users\Administrator\Desktop\tugas\system\Commands\Server\rewrite.php(43): require_once('C:\\Users\\Admini...')
#6 {main}
CRITICAL - 2022-04-20 21:05:55 --> Undefined property: App\Controllers\Cari::$input
#0 C:\Users\Administrator\Desktop\tugas\app\Controllers\Cari.php(11): CodeIgniter\Debug\Exceptions->errorHandler(8, 'Undefined prope...', 'C:\\Users\\Admini...', 11, Array)
#1 C:\Users\Administrator\Desktop\tugas\system\CodeIgniter.php(832): App\Controllers\Cari->index()
#2 C:\Users\Administrator\Desktop\tugas\system\CodeIgniter.php(419): CodeIgniter\CodeIgniter->runController(Object(App\Controllers\Cari))
#3 C:\Users\Administrator\Desktop\tugas\system\CodeIgniter.php(326): CodeIgniter\CodeIgniter->handleRequest(NULL, Object(Config\Cache), false)
#4 C:\Users\Administrator\Desktop\tugas\public\index.php(37): CodeIgniter\CodeIgniter->run()
#5 C:\Users\Administrator\Desktop\tugas\system\Commands\Server\rewrite.php(43): require_once('C:\\Users\\Admini...')
#6 {main}
CRITICAL - 2022-04-20 21:27:51 --> Undefined variable: list1
#0 C:\Users\Administrator\Desktop\tugas\app\Views\user.php(20): CodeIgniter\Debug\Exceptions->errorHandler(8, 'Undefined varia...', 'C:\\Users\\Admini...', 20, Array)
#1 C:\Users\Administrator\Desktop\tugas\system\View\View.php(210): include('C:\\Users\\Admini...')
#2 C:\Users\Administrator\Desktop\tugas\system\View\View.php(213): CodeIgniter\View\View->CodeIgniter\View\{closure}()
#3 C:\Users\Administrator\Desktop\tugas\system\Common.php(1089): CodeIgniter\View\View->render('user', Array, true)
#4 C:\Users\Administrator\Desktop\tugas\app\Controllers\User.php(27): view('user', Array)
#5 C:\Users\Administrator\Desktop\tugas\system\CodeIgniter.php(832): App\Controllers\User->index()
#6 C:\Users\Administrator\Desktop\tugas\system\CodeIgniter.php(419): CodeIgniter\CodeIgniter->runController(Object(App\Controllers\User))
#7 C:\Users\Administrator\Desktop\tugas\system\CodeIgniter.php(326): CodeIgniter\CodeIgniter->handleRequest(NULL, Object(Config\Cache), false)
#8 C:\Users\Administrator\Desktop\tugas\public\index.php(37): CodeIgniter\CodeIgniter->run()
#9 C:\Users\Administrator\Desktop\tugas\system\Commands\Server\rewrite.php(43): require_once('C:\\Users\\Admini...')
#10 {main}
ERROR - 2022-04-20 21:30:46 --> Error connecting to the database: Access denied for user ''@'localhost' (using password: NO)
CRITICAL - 2022-04-20 21:30:46 --> Unable to connect to the database.
Main connection [MySQLi]: Access denied for user ''@'localhost' (using password: NO)
#0 C:\Users\Administrator\Desktop\tugas\system\Database\BaseConnection.php(577): CodeIgniter\Database\BaseConnection->initialize()
#1 C:\Users\Administrator\Desktop\tugas\system\Database\BaseBuilder.php(1455): CodeIgniter\Database\BaseConnection->query('SELECT *\nFROM `...', Array, false)
#2 C:\Users\Administrator\Desktop\tugas\system\Model.php(138): CodeIgniter\Database\BaseBuilder->get()
#3 C:\Users\Administrator\Desktop\tugas\system\BaseModel.php(523): CodeIgniter\Model->doFind(false, Array)
#4 C:\Users\Administrator\Desktop\tugas\app\Models\ContohUser.php(45): CodeIgniter\BaseModel->find(Array)
#5 C:\Users\Administrator\Desktop\tugas\app\Controllers\User.php(24): App\Models\ContohUser->model1(Array)
#6 C:\Users\Administrator\Desktop\tugas\system\CodeIgniter.php(832): App\Controllers\User->index()
#7 C:\Users\Administrator\Desktop\tugas\system\CodeIgniter.php(419): CodeIgniter\CodeIgniter->runController(Object(App\Controllers\User))
#8 C:\Users\Administrator\Desktop\tugas\system\CodeIgniter.php(326): CodeIgniter\CodeIgniter->handleRequest(NULL, Object(Config\Cache), false)
#9 C:\Users\Administrator\Desktop\tugas\public\index.php(37): CodeIgniter\CodeIgniter->run()
#10 C:\Users\Administrator\Desktop\tugas\system\Commands\Server\rewrite.php(43): require_once('C:\\Users\\Admini...')
#11 {main}
ERROR - 2022-04-20 21:31:34 --> No database selected
CRITICAL - 2022-04-20 21:31:34 --> No database selected
#0 C:\Users\Administrator\Desktop\tugas\system\Database\MySQLi\Connection.php(292): mysqli->query('SELECT *\nFROM `...', 0)
#1 C:\Users\Administrator\Desktop\tugas\system\Database\BaseConnection.php(670): CodeIgniter\Database\MySQLi\Connection->execute('SELECT *\nFROM `...')
#2 C:\Users\Administrator\Desktop\tugas\system\Database\BaseConnection.php(598): CodeIgniter\Database\BaseConnection->simpleQuery('SELECT *\nFROM `...')
#3 C:\Users\Administrator\Desktop\tugas\system\Database\BaseBuilder.php(1455): CodeIgniter\Database\BaseConnection->query('SELECT *\nFROM `...', Array, false)
#4 C:\Users\Administrator\Desktop\tugas\system\Model.php(138): CodeIgniter\Database\BaseBuilder->get()
#5 C:\Users\Administrator\Desktop\tugas\system\BaseModel.php(523): CodeIgniter\Model->doFind(false, Array)
#6 C:\Users\Administrator\Desktop\tugas\app\Models\ContohUser.php(45): CodeIgniter\BaseModel->find(Array)
#7 C:\Users\Administrator\Desktop\tugas\app\Controllers\User.php(24): App\Models\ContohUser->model1(Array)
#8 C:\Users\Administrator\Desktop\tugas\system\CodeIgniter.php(832): App\Controllers\User->index()
#9 C:\Users\Administrator\Desktop\tugas\system\CodeIgniter.php(419): CodeIgniter\CodeIgniter->runController(Object(App\Controllers\User))
#10 C:\Users\Administrator\Desktop\tugas\system\CodeIgniter.php(326): CodeIgniter\CodeIgniter->handleRequest(NULL, Object(Config\Cache), false)
#11 C:\Users\Administrator\Desktop\tugas\public\index.php(37): CodeIgniter\CodeIgniter->run()
#12 C:\Users\Administrator\Desktop\tugas\system\Commands\Server\rewrite.php(43): require_once('C:\\Users\\Admini...')
#13 {main}
ERROR - 2022-04-20 21:32:39 --> No database selected
CRITICAL - 2022-04-20 21:32:39 --> No database selected
#0 C:\Users\Administrator\Desktop\tugas\system\Database\MySQLi\Connection.php(292): mysqli->query('SELECT *\nFROM `...', 0)
#1 C:\Users\Administrator\Desktop\tugas\system\Database\BaseConnection.php(670): CodeIgniter\Database\MySQLi\Connection->execute('SELECT *\nFROM `...')
#2 C:\Users\Administrator\Desktop\tugas\system\Database\BaseConnection.php(598): CodeIgniter\Database\BaseConnection->simpleQuery('SELECT *\nFROM `...')
#3 C:\Users\Administrator\Desktop\tugas\system\Database\BaseBuilder.php(1455): CodeIgniter\Database\BaseConnection->query('SELECT *\nFROM `...', Array, false)
#4 C:\Users\Administrator\Desktop\tugas\system\Model.php(138): CodeIgniter\Database\BaseBuilder->get()
#5 C:\Users\Administrator\Desktop\tugas\system\BaseModel.php(523): CodeIgniter\Model->doFind(false, Array)
#6 C:\Users\Administrator\Desktop\tugas\app\Models\ContohUser.php(45): CodeIgniter\BaseModel->find(Array)
#7 C:\Users\Administrator\Desktop\tugas\app\Controllers\User.php(24): App\Models\ContohUser->model1(Array)
#8 C:\Users\Administrator\Desktop\tugas\system\CodeIgniter.php(832): App\Controllers\User->index()
#9 C:\Users\Administrator\Desktop\tugas\system\CodeIgniter.php(419): CodeIgniter\CodeIgniter->runController(Object(App\Controllers\User))
#10 C:\Users\Administrator\Desktop\tugas\system\CodeIgniter.php(326): CodeIgniter\CodeIgniter->handleRequest(NULL, Object(Config\Cache), false)
#11 C:\Users\Administrator\Desktop\tugas\public\index.php(37): CodeIgniter\CodeIgniter->run()
#12 C:\Users\Administrator\Desktop\tugas\system\Commands\Server\rewrite.php(43): require_once('C:\\Users\\Admini...')
#13 {main}
ERROR - 2022-04-20 21:33:57 --> Unknown column 'users.id' in 'where clause'
CRITICAL - 2022-04-20 21:33:57 --> Unknown column 'users.id' in 'where clause'
#0 C:\Users\Administrator\Desktop\tugas\system\Database\MySQLi\Connection.php(292): mysqli->query('SELECT *\nFROM `...', 0)
#1 C:\Users\Administrator\Desktop\tugas\system\Database\BaseConnection.php(670): CodeIgniter\Database\MySQLi\Connection->execute('SELECT *\nFROM `...')
#2 C:\Users\Administrator\Desktop\tugas\system\Database\BaseConnection.php(598): CodeIgniter\Database\BaseConnection->simpleQuery('SELECT *\nFROM `...')
#3 C:\Users\Administrator\Desktop\tugas\system\Database\BaseBuilder.php(1455): CodeIgniter\Database\BaseConnection->query('SELECT *\nFROM `...', Array, false)
#4 C:\Users\Administrator\Desktop\tugas\system\Model.php(138): CodeIgniter\Database\BaseBuilder->get()
#5 C:\Users\Administrator\Desktop\tugas\system\BaseModel.php(523): CodeIgniter\Model->doFind(false, Array)
#6 C:\Users\Administrator\Desktop\tugas\app\Models\ContohUser.php(45): CodeIgniter\BaseModel->find(Array)
#7 C:\Users\Administrator\Desktop\tugas\app\Controllers\User.php(24): App\Models\ContohUser->model1(Array)
#8 C:\Users\Administrator\Desktop\tugas\system\CodeIgniter.php(832): App\Controllers\User->index()
#9 C:\Users\Administrator\Desktop\tugas\system\CodeIgniter.php(419): CodeIgniter\CodeIgniter->runController(Object(App\Controllers\User))
#10 C:\Users\Administrator\Desktop\tugas\system\CodeIgniter.php(326): CodeIgniter\CodeIgniter->handleRequest(NULL, Object(Config\Cache), false)
#11 C:\Users\Administrator\Desktop\tugas\public\index.php(37): CodeIgniter\CodeIgniter->run()
#12 C:\Users\Administrator\Desktop\tugas\system\Commands\Server\rewrite.php(43): require_once('C:\\Users\\Admini...')
#13 {main}
ERROR - 2022-04-20 21:34:54 --> Unknown column 'users.id_users' in 'where clause'
CRITICAL - 2022-04-20 21:34:54 --> Unknown column 'users.id_users' in 'where clause'
#0 C:\Users\Administrator\Desktop\tugas\system\Database\MySQLi\Connection.php(292): mysqli->query('SELECT *\nFROM `...', 0)
#1 C:\Users\Administrator\Desktop\tugas\system\Database\BaseConnection.php(670): CodeIgniter\Database\MySQLi\Connection->execute('SELECT *\nFROM `...')
#2 C:\Users\Administrator\Desktop\tugas\system\Database\BaseConnection.php(598): CodeIgniter\Database\BaseConnection->simpleQuery('SELECT *\nFROM `...')
#3 C:\Users\Administrator\Desktop\tugas\system\Database\BaseBuilder.php(1455): CodeIgniter\Database\BaseConnection->query('SELECT *\nFROM `...', Array, false)
#4 C:\Users\Administrator\Desktop\tugas\system\Model.php(138): CodeIgniter\Database\BaseBuilder->get()
#5 C:\Users\Administrator\Desktop\tugas\system\BaseModel.php(523): CodeIgniter\Model->doFind(false, Array)
#6 C:\Users\Administrator\Desktop\tugas\app\Models\ContohUser.php(45): CodeIgniter\BaseModel->find(Array)
#7 C:\Users\Administrator\Desktop\tugas\app\Controllers\User.php(24): App\Models\ContohUser->model1(Array)
#8 C:\Users\Administrator\Desktop\tugas\system\CodeIgniter.php(832): App\Controllers\User->index()
#9 C:\Users\Administrator\Desktop\tugas\system\CodeIgniter.php(419): CodeIgniter\CodeIgniter->runController(Object(App\Controllers\User))
#10 C:\Users\Administrator\Desktop\tugas\system\CodeIgniter.php(326): CodeIgniter\CodeIgniter->handleRequest(NULL, Object(Config\Cache), false)
#11 C:\Users\Administrator\Desktop\tugas\public\index.php(37): CodeIgniter\CodeIgniter->run()
#12 C:\Users\Administrator\Desktop\tugas\system\Commands\Server\rewrite.php(43): require_once('C:\\Users\\Admini...')
#13 {main}
ERROR - 2022-04-20 21:35:23 --> Unknown column 'users.id_users' in 'where clause'
CRITICAL - 2022-04-20 21:35:23 --> Unknown column 'users.id_users' in 'where clause'
#0 C:\Users\Administrator\Desktop\tugas\system\Database\MySQLi\Connection.php(292): mysqli->query('SELECT *\nFROM `...', 0)
#1 C:\Users\Administrator\Desktop\tugas\system\Database\BaseConnection.php(670): CodeIgniter\Database\MySQLi\Connection->execute('SELECT *\nFROM `...')
#2 C:\Users\Administrator\Desktop\tugas\system\Database\BaseConnection.php(598): CodeIgniter\Database\BaseConnection->simpleQuery('SELECT *\nFROM `...')
#3 C:\Users\Administrator\Desktop\tugas\system\Database\BaseBuilder.php(1455): CodeIgniter\Database\BaseConnection->query('SELECT *\nFROM `...', Array, false)
#4 C:\Users\Administrator\Desktop\tugas\system\Model.php(138): CodeIgniter\Database\BaseBuilder->get()
#5 C:\Users\Administrator\Desktop\tugas\system\BaseModel.php(523): CodeIgniter\Model->doFind(false, Array)
#6 C:\Users\Administrator\Desktop\tugas\app\Models\ContohUser.php(45): CodeIgniter\BaseModel->find(Array)
#7 C:\Users\Administrator\Desktop\tugas\app\Controllers\User.php(24): App\Models\ContohUser->model1(Array)
#8 C:\Users\Administrator\Desktop\tugas\system\CodeIgniter.php(832): App\Controllers\User->index()
#9 C:\Users\Administrator\Desktop\tugas\system\CodeIgniter.php(419): CodeIgniter\CodeIgniter->runController(Object(App\Controllers\User))
#10 C:\Users\Administrator\Desktop\tugas\system\CodeIgniter.php(326): CodeIgniter\CodeIgniter->handleRequest(NULL, Object(Config\Cache), false)
#11 C:\Users\Administrator\Desktop\tugas\public\index.php(37): CodeIgniter\CodeIgniter->run()
#12 C:\Users\Administrator\Desktop\tugas\system\Commands\Server\rewrite.php(43): require_once('C:\\Users\\Admini...')
#13 {main}
CRITICAL - 2022-04-20 21:35:40 --> Invalid file: admin/user.php
#0 C:\Users\Administrator\Desktop\tugas\system\View\View.php(198): CodeIgniter\Exceptions\FrameworkException::forInvalidFile('admin/user.php')
#1 C:\Users\Administrator\Desktop\tugas\system\Common.php(1089): CodeIgniter\View\View->render('admin/user', Array, true)
#2 C:\Users\Administrator\Desktop\tugas\app\Controllers\User.php(27): view('admin/user', Array)
#3 C:\Users\Administrator\Desktop\tugas\system\CodeIgniter.php(832): App\Controllers\User->index()
#4 C:\Users\Administrator\Desktop\tugas\system\CodeIgniter.php(419): CodeIgniter\CodeIgniter->runController(Object(App\Controllers\User))
#5 C:\Users\Administrator\Desktop\tugas\system\CodeIgniter.php(326): CodeIgniter\CodeIgniter->handleRequest(NULL, Object(Config\Cache), false)
#6 C:\Users\Administrator\Desktop\tugas\public\index.php(37): CodeIgniter\CodeIgniter->run()
#7 C:\Users\Administrator\Desktop\tugas\system\Commands\Server\rewrite.php(43): require_once('C:\\Users\\Admini...')
#8 {main}
CRITICAL - 2022-04-20 21:35:51 --> Undefined index: avatar
#0 C:\Users\Administrator\Desktop\tugas\app\Views\user.php(23): CodeIgniter\Debug\Exceptions->errorHandler(8, 'Undefined index...', 'C:\\Users\\Admini...', 23, Array)
#1 C:\Users\Administrator\Desktop\tugas\system\View\View.php(210): include('C:\\Users\\Admini...')
#2 C:\Users\Administrator\Desktop\tugas\system\View\View.php(213): CodeIgniter\View\View->CodeIgniter\View\{closure}()
#3 C:\Users\Administrator\Desktop\tugas\system\Common.php(1089): CodeIgniter\View\View->render('user', Array, true)
#4 C:\Users\Administrator\Desktop\tugas\app\Controllers\User.php(27): view('user', Array)
#5 C:\Users\Administrator\Desktop\tugas\system\CodeIgniter.php(832): App\Controllers\User->index()
#6 C:\Users\Administrator\Desktop\tugas\system\CodeIgniter.php(419): CodeIgniter\CodeIgniter->runController(Object(App\Controllers\User))
#7 C:\Users\Administrator\Desktop\tugas\system\CodeIgniter.php(326): CodeIgniter\CodeIgniter->handleRequest(NULL, Object(Config\Cache), false)
#8 C:\Users\Administrator\Desktop\tugas\public\index.php(37): CodeIgniter\CodeIgniter->run()
#9 C:\Users\Administrator\Desktop\tugas\system\Commands\Server\rewrite.php(43): require_once('C:\\Users\\Admini...')
#10 {main}
CRITICAL - 2022-04-20 21:36:04 --> Undefined index: avatar
#0 C:\Users\Administrator\Desktop\tugas\app\Views\user.php(23): CodeIgniter\Debug\Exceptions->errorHandler(8, 'Undefined index...', 'C:\\Users\\Admini...', 23, Array)
#1 C:\Users\Administrator\Desktop\tugas\system\View\View.php(210): include('C:\\Users\\Admini...')
#2 C:\Users\Administrator\Desktop\tugas\system\View\View.php(213): CodeIgniter\View\View->CodeIgniter\View\{closure}()
#3 C:\Users\Administrator\Desktop\tugas\system\Common.php(1089): CodeIgniter\View\View->render('user', Array, true)
#4 C:\Users\Administrator\Desktop\tugas\app\Controllers\User.php(27): view('user', Array)
#5 C:\Users\Administrator\Desktop\tugas\system\CodeIgniter.php(832): App\Controllers\User->index()
#6 C:\Users\Administrator\Desktop\tugas\system\CodeIgniter.php(419): CodeIgniter\CodeIgniter->runController(Object(App\Controllers\User))
#7 C:\Users\Administrator\Desktop\tugas\system\CodeIgniter.php(326): CodeIgniter\CodeIgniter->handleRequest(NULL, Object(Config\Cache), false)
#8 C:\Users\Administrator\Desktop\tugas\public\index.php(37): CodeIgniter\CodeIgniter->run()
#9 C:\Users\Administrator\Desktop\tugas\system\Commands\Server\rewrite.php(43): require_once('C:\\Users\\Admini...')
#10 {main}
CRITICAL - 2022-04-20 21:36:08 --> Undefined index: username
#0 C:\Users\Administrator\Desktop\tugas\app\Views\user.php(24): CodeIgniter\Debug\Exceptions->errorHandler(8, 'Undefined index...', 'C:\\Users\\Admini...', 24, Array)
#1 C:\Users\Administrator\Desktop\tugas\system\View\View.php(210): include('C:\\Users\\Admini...')
#2 C:\Users\Administrator\Desktop\tugas\system\View\View.php(213): CodeIgniter\View\View->CodeIgniter\View\{closure}()
#3 C:\Users\Administrator\Desktop\tugas\system\Common.php(1089): CodeIgniter\View\View->render('user', Array, true)
#4 C:\Users\Administrator\Desktop\tugas\app\Controllers\User.php(27): view('user', Array)
#5 C:\Users\Administrator\Desktop\tugas\system\CodeIgniter.php(832): App\Controllers\User->index()
#6 C:\Users\Administrator\Desktop\tugas\system\CodeIgniter.php(419): CodeIgniter\CodeIgniter->runController(Object(App\Controllers\User))
#7 C:\Users\Administrator\Desktop\tugas\system\CodeIgniter.php(326): CodeIgniter\CodeIgniter->handleRequest(NULL, Object(Config\Cache), false)
#8 C:\Users\Administrator\Desktop\tugas\public\index.php(37): CodeIgniter\CodeIgniter->run()
#9 C:\Users\Administrator\Desktop\tugas\system\Commands\Server\rewrite.php(43): require_once('C:\\Users\\Admini...')
#10 {main}
CRITICAL - 2022-04-20 21:36:25 --> Undefined index: username
#0 C:\Users\Administrator\Desktop\tugas\app\Views\user.php(27): CodeIgniter\Debug\Exceptions->errorHandler(8, 'Undefined index...', 'C:\\Users\\Admini...', 27, Array)
#1 C:\Users\Administrator\Desktop\tugas\system\View\View.php(210): include('C:\\Users\\Admini...')
#2 C:\Users\Administrator\Desktop\tugas\system\View\View.php(213): CodeIgniter\View\View->CodeIgniter\View\{closure}()
#3 C:\Users\Administrator\Desktop\tugas\system\Common.php(1089): CodeIgniter\View\View->render('user', Array, true)
#4 C:\Users\Administrator\Desktop\tugas\app\Controllers\User.php(27): view('user', Array)
#5 C:\Users\Administrator\Desktop\tugas\system\CodeIgniter.php(832): App\Controllers\User->index()
#6 C:\Users\Administrator\Desktop\tugas\system\CodeIgniter.php(419): CodeIgniter\CodeIgniter->runController(Object(App\Controllers\User))
#7 C:\Users\Administrator\Desktop\tugas\system\CodeIgniter.php(326): CodeIgniter\CodeIgniter->handleRequest(NULL, Object(Config\Cache), false)
#8 C:\Users\Administrator\Desktop\tugas\public\index.php(37): CodeIgniter\CodeIgniter->run()
#9 C:\Users\Administrator\Desktop\tugas\system\Commands\Server\rewrite.php(43): require_once('C:\\Users\\Admini...')
#10 {main}
CRITICAL - 2022-04-20 21:40:34 --> Undefined index: username
#0 C:\Users\Administrator\Desktop\tugas\app\Views\user.php(28): CodeIgniter\Debug\Exceptions->errorHandler(8, 'Undefined index...', 'C:\\Users\\Admini...', 28, Array)
#1 C:\Users\Administrator\Desktop\tugas\system\View\View.php(210): include('C:\\Users\\Admini...')
#2 C:\Users\Administrator\Desktop\tugas\system\View\View.php(213): CodeIgniter\View\View->CodeIgniter\View\{closure}()
#3 C:\Users\Administrator\Desktop\tugas\system\Common.php(1089): CodeIgniter\View\View->render('user', Array, true)
#4 C:\Users\Administrator\Desktop\tugas\app\Controllers\User.php(27): view('user', Array)
#5 C:\Users\Administrator\Desktop\tugas\system\CodeIgniter.php(832): App\Controllers\User->index()
#6 C:\Users\Administrator\Desktop\tugas\system\CodeIgniter.php(419): CodeIgniter\CodeIgniter->runController(Object(App\Controllers\User))
#7 C:\Users\Administrator\Desktop\tugas\system\CodeIgniter.php(326): CodeIgniter\CodeIgniter->handleRequest(NULL, Object(Config\Cache), false)
#8 C:\Users\Administrator\Desktop\tugas\public\index.php(37): CodeIgniter\CodeIgniter->run()
#9 C:\Users\Administrator\Desktop\tugas\system\Commands\Server\rewrite.php(43): require_once('C:\\Users\\Admini...')
#10 {main}
CRITICAL - 2022-04-20 21:45:23 --> Undefined variable: list1
#0 C:\Users\Administrator\Desktop\tugas\app\Views\user.php(21): CodeIgniter\Debug\Exceptions->errorHandler(8, 'Undefined varia...', 'C:\\Users\\Admini...', 21, Array)
#1 C:\Users\Administrator\Desktop\tugas\system\View\View.php(210): include('C:\\Users\\Admini...')
#2 C:\Users\Administrator\Desktop\tugas\system\View\View.php(213): CodeIgniter\View\View->CodeIgniter\View\{closure}()
#3 C:\Users\Administrator\Desktop\tugas\system\Common.php(1089): CodeIgniter\View\View->render('user', Array, true)
#4 C:\Users\Administrator\Desktop\tugas\app\Controllers\User.php(19): view('user', Array)
#5 C:\Users\Administrator\Desktop\tugas\system\CodeIgniter.php(832): App\Controllers\User->index()
#6 C:\Users\Administrator\Desktop\tugas\system\CodeIgniter.php(419): CodeIgniter\CodeIgniter->runController(Object(App\Controllers\User))
#7 C:\Users\Administrator\Desktop\tugas\system\CodeIgniter.php(326): CodeIgniter\CodeIgniter->handleRequest(NULL, Object(Config\Cache), false)
#8 C:\Users\Administrator\Desktop\tugas\public\index.php(37): CodeIgniter\CodeIgniter->run()
#9 C:\Users\Administrator\Desktop\tugas\system\Commands\Server\rewrite.php(43): require_once('C:\\Users\\Admini...')
#10 {main}
CRITICAL - 2022-04-20 21:46:20 --> Undefined variable: list1
#0 C:\Users\Administrator\Desktop\tugas\app\Views\user.php(21): CodeIgniter\Debug\Exceptions->errorHandler(8, 'Undefined varia...', 'C:\\Users\\Admini...', 21, Array)
#1 C:\Users\Administrator\Desktop\tugas\system\View\View.php(210): include('C:\\Users\\Admini...')
#2 C:\Users\Administrator\Desktop\tugas\system\View\View.php(213): CodeIgniter\View\View->CodeIgniter\View\{closure}()
#3 C:\Users\Administrator\Desktop\tugas\system\Common.php(1089): CodeIgniter\View\View->render('user', Array, true)
#4 C:\Users\Administrator\Desktop\tugas\app\Controllers\User.php(37): view('user', Array)
#5 C:\Users\Administrator\Desktop\tugas\system\CodeIgniter.php(832): App\Controllers\User->detail('Saputro')
#6 C:\Users\Administrator\Desktop\tugas\system\CodeIgniter.php(419): CodeIgniter\CodeIgniter->runController(Object(App\Controllers\User))
#7 C:\Users\Administrator\Desktop\tugas\system\CodeIgniter.php(326): CodeIgniter\CodeIgniter->handleRequest(NULL, Object(Config\Cache), false)
#8 C:\Users\Administrator\Desktop\tugas\public\index.php(37): CodeIgniter\CodeIgniter->run()
#9 C:\Users\Administrator\Desktop\tugas\system\Commands\Server\rewrite.php(43): require_once('C:\\Users\\Admini...')
#10 {main}
CRITICAL - 2022-04-20 21:47:08 --> Undefined variable: list1
#0 C:\Users\Administrator\Desktop\tugas\app\Views\detail.php(21): CodeIgniter\Debug\Exceptions->errorHandler(8, 'Undefined varia...', 'C:\\Users\\Admini...', 21, Array)
#1 C:\Users\Administrator\Desktop\tugas\system\View\View.php(210): include('C:\\Users\\Admini...')
#2 C:\Users\Administrator\Desktop\tugas\system\View\View.php(213): CodeIgniter\View\View->CodeIgniter\View\{closure}()
#3 C:\Users\Administrator\Desktop\tugas\system\Common.php(1089): CodeIgniter\View\View->render('detail', Array, true)
#4 C:\Users\Administrator\Desktop\tugas\app\Controllers\User.php(37): view('detail', Array)
#5 C:\Users\Administrator\Desktop\tugas\system\CodeIgniter.php(832): App\Controllers\User->detail('Saputro')
#6 C:\Users\Administrator\Desktop\tugas\system\CodeIgniter.php(419): CodeIgniter\CodeIgniter->runController(Object(App\Controllers\User))
#7 C:\Users\Administrator\Desktop\tugas\system\CodeIgniter.php(326): CodeIgniter\CodeIgniter->handleRequest(NULL, Object(Config\Cache), false)
#8 C:\Users\Administrator\Desktop\tugas\public\index.php(37): CodeIgniter\CodeIgniter->run()
#9 C:\Users\Administrator\Desktop\tugas\system\Commands\Server\rewrite.php(43): require_once('C:\\Users\\Admini...')
#10 {main}
CRITICAL - 2022-04-20 21:47:10 --> Undefined variable: list2
#0 C:\Users\Administrator\Desktop\tugas\app\Views\user.php(21): CodeIgniter\Debug\Exceptions->errorHandler(8, 'Undefined varia...', 'C:\\Users\\Admini...', 21, Array)
#1 C:\Users\Administrator\Desktop\tugas\system\View\View.php(210): include('C:\\Users\\Admini...')
#2 C:\Users\Administrator\Desktop\tugas\system\View\View.php(213): CodeIgniter\View\View->CodeIgniter\View\{closure}()
#3 C:\Users\Administrator\Desktop\tugas\system\Common.php(1089): CodeIgniter\View\View->render('user', Array, true)
#4 C:\Users\Administrator\Desktop\tugas\app\Controllers\User.php(19): view('user', Array)
#5 C:\Users\Administrator\Desktop\tugas\system\CodeIgniter.php(832): App\Controllers\User->index()
#6 C:\Users\Administrator\Desktop\tugas\system\CodeIgniter.php(419): CodeIgniter\CodeIgniter->runController(Object(App\Controllers\User))
#7 C:\Users\Administrator\Desktop\tugas\system\CodeIgniter.php(326): CodeIgniter\CodeIgniter->handleRequest(NULL, Object(Config\Cache), false)
#8 C:\Users\Administrator\Desktop\tugas\public\index.php(37): CodeIgniter\CodeIgniter->run()
#9 C:\Users\Administrator\Desktop\tugas\system\Commands\Server\rewrite.php(43): require_once('C:\\Users\\Admini...')
#10 {main}
CRITICAL - 2022-04-20 21:47:13 --> Undefined variable: list2
#0 C:\Users\Administrator\Desktop\tugas\app\Views\user.php(21): CodeIgniter\Debug\Exceptions->errorHandler(8, 'Undefined varia...', 'C:\\Users\\Admini...', 21, Array)
#1 C:\Users\Administrator\Desktop\tugas\system\View\View.php(210): include('C:\\Users\\Admini...')
#2 C:\Users\Administrator\Desktop\tugas\system\View\View.php(213): CodeIgniter\View\View->CodeIgniter\View\{closure}()
#3 C:\Users\Administrator\Desktop\tugas\system\Common.php(1089): CodeIgniter\View\View->render('user', Array, true)
#4 C:\Users\Administrator\Desktop\tugas\app\Controllers\User.php(19): view('user', Array)
#5 C:\Users\Administrator\Desktop\tugas\system\CodeIgniter.php(832): App\Controllers\User->index()
#6 C:\Users\Administrator\Desktop\tugas\system\CodeIgniter.php(419): CodeIgniter\CodeIgniter->runController(Object(App\Controllers\User))
#7 C:\Users\Administrator\Desktop\tugas\system\CodeIgniter.php(326): CodeIgniter\CodeIgniter->handleRequest(NULL, Object(Config\Cache), false)
#8 C:\Users\Administrator\Desktop\tugas\public\index.php(37): CodeIgniter\CodeIgniter->run()
#9 C:\Users\Administrator\Desktop\tugas\system\Commands\Server\rewrite.php(43): require_once('C:\\Users\\Admini...')
#10 {main}
CRITICAL - 2022-04-20 21:47:26 --> Illegal string offset 'nama'
#0 C:\Users\Administrator\Desktop\tugas\app\Views\detail.php(25): CodeIgniter\Debug\Exceptions->errorHandler(2, 'Illegal string ...', 'C:\\Users\\Admini...', 25, Array)
#1 C:\Users\Administrator\Desktop\tugas\system\View\View.php(210): include('C:\\Users\\Admini...')
#2 C:\Users\Administrator\Desktop\tugas\system\View\View.php(213): CodeIgniter\View\View->CodeIgniter\View\{closure}()
#3 C:\Users\Administrator\Desktop\tugas\system\Common.php(1089): CodeIgniter\View\View->render('detail', Array, true)
#4 C:\Users\Administrator\Desktop\tugas\app\Controllers\User.php(37): view('detail', Array)
#5 C:\Users\Administrator\Desktop\tugas\system\CodeIgniter.php(832): App\Controllers\User->detail('Naufal')
#6 C:\Users\Administrator\Desktop\tugas\system\CodeIgniter.php(419): CodeIgniter\CodeIgniter->runController(Object(App\Controllers\User))
#7 C:\Users\Administrator\Desktop\tugas\system\CodeIgniter.php(326): CodeIgniter\CodeIgniter->handleRequest(NULL, Object(Config\Cache), false)
#8 C:\Users\Administrator\Desktop\tugas\public\index.php(37): CodeIgniter\CodeIgniter->run()
#9 C:\Users\Administrator\Desktop\tugas\system\Commands\Server\rewrite.php(43): require_once('C:\\Users\\Admini...')
#10 {main}
CRITICAL - 2022-04-20 21:48:18 --> Illegal string offset 'nama'
#0 C:\Users\Administrator\Desktop\tugas\app\Views\detail.php(25): CodeIgniter\Debug\Exceptions->errorHandler(2, 'Illegal string ...', 'C:\\Users\\Admini...', 25, Array)
#1 C:\Users\Administrator\Desktop\tugas\system\View\View.php(210): include('C:\\Users\\Admini...')
#2 C:\Users\Administrator\Desktop\tugas\system\View\View.php(213): CodeIgniter\View\View->CodeIgniter\View\{closure}()
#3 C:\Users\Administrator\Desktop\tugas\system\Common.php(1089): CodeIgniter\View\View->render('detail', Array, true)
#4 C:\Users\Administrator\Desktop\tugas\app\Controllers\User.php(37): view('detail', Array)
#5 C:\Users\Administrator\Desktop\tugas\system\CodeIgniter.php(832): App\Controllers\User->detail('Naufal')
#6 C:\Users\Administrator\Desktop\tugas\system\CodeIgniter.php(419): CodeIgniter\CodeIgniter->runController(Object(App\Controllers\User))
#7 C:\Users\Administrator\Desktop\tugas\system\CodeIgniter.php(326): CodeIgniter\CodeIgniter->handleRequest(NULL, Object(Config\Cache), false)
#8 C:\Users\Administrator\Desktop\tugas\public\index.php(37): CodeIgniter\CodeIgniter->run()
#9 C:\Users\Administrator\Desktop\tugas\system\Commands\Server\rewrite.php(43): require_once('C:\\Users\\Admini...')
#10 {main}
CRITICAL - 2022-04-20 21:48:31 --> Illegal string offset 'nama'
#0 C:\Users\Administrator\Desktop\tugas\app\Views\detail.php(25): CodeIgniter\Debug\Exceptions->errorHandler(2, 'Illegal string ...', 'C:\\Users\\Admini...', 25, Array)
#1 C:\Users\Administrator\Desktop\tugas\system\View\View.php(210): include('C:\\Users\\Admini...')
#2 C:\Users\Administrator\Desktop\tugas\system\View\View.php(213): CodeIgniter\View\View->CodeIgniter\View\{closure}()
#3 C:\Users\Administrator\Desktop\tugas\system\Common.php(1089): CodeIgniter\View\View->render('detail', Array, true)
#4 C:\Users\Administrator\Desktop\tugas\app\Controllers\User.php(37): view('detail', Array)
#5 C:\Users\Administrator\Desktop\tugas\system\CodeIgniter.php(832): App\Controllers\User->detail('Naufal')
#6 C:\Users\Administrator\Desktop\tugas\system\CodeIgniter.php(419): CodeIgniter\CodeIgniter->runController(Object(App\Controllers\User))
#7 C:\Users\Administrator\Desktop\tugas\system\CodeIgniter.php(326): CodeIgniter\CodeIgniter->handleRequest(NULL, Object(Config\Cache), false)
#8 C:\Users\Administrator\Desktop\tugas\public\index.php(37): CodeIgniter\CodeIgniter->run()
#9 C:\Users\Administrator\Desktop\tugas\system\Commands\Server\rewrite.php(43): require_once('C:\\Users\\Admini...')
#10 {main}
CRITICAL - 2022-04-20 21:49:22 --> Undefined variable: no
#0 C:\Users\Administrator\Desktop\tugas\app\Views\detail.php(23): CodeIgniter\Debug\Exceptions->errorHandler(8, 'Undefined varia...', 'C:\\Users\\Admini...', 23, Array)
#1 C:\Users\Administrator\Desktop\tugas\system\View\View.php(210): include('C:\\Users\\Admini...')
#2 C:\Users\Administrator\Desktop\tugas\system\View\View.php(213): CodeIgniter\View\View->CodeIgniter\View\{closure}()
#3 C:\Users\Administrator\Desktop\tugas\system\Common.php(1089): CodeIgniter\View\View->render('detail', Array, true)
#4 C:\Users\Administrator\Desktop\tugas\app\Controllers\User.php(37): view('detail', Array)
#5 C:\Users\Administrator\Desktop\tugas\system\CodeIgniter.php(832): App\Controllers\User->detail('Naufal')
#6 C:\Users\Administrator\Desktop\tugas\system\CodeIgniter.php(419): CodeIgniter\CodeIgniter->runController(Object(App\Controllers\User))
#7 C:\Users\Administrator\Desktop\tugas\system\CodeIgniter.php(326): CodeIgniter\CodeIgniter->handleRequest(NULL, Object(Config\Cache), false)
#8 C:\Users\Administrator\Desktop\tugas\public\index.php(37): CodeIgniter\CodeIgniter->run()
#9 C:\Users\Administrator\Desktop\tugas\system\Commands\Server\rewrite.php(43): require_once('C:\\Users\\Admini...')
#10 {main}
CRITICAL - 2022-04-20 21:58:50 --> Undefined variable: pager
#0 C:\Users\Administrator\Desktop\tugas\app\Views\user.php(32): CodeIgniter\Debug\Exceptions->errorHandler(8, 'Undefined varia...', 'C:\\Users\\Admini...', 32, Array)
#1 C:\Users\Administrator\Desktop\tugas\system\View\View.php(210): include('C:\\Users\\Admini...')
#2 C:\Users\Administrator\Desktop\tugas\system\View\View.php(213): CodeIgniter\View\View->CodeIgniter\View\{closure}()
#3 C:\Users\Administrator\Desktop\tugas\system\Common.php(1089): CodeIgniter\View\View->render('user', Array, true)
#4 C:\Users\Administrator\Desktop\tugas\app\Controllers\User.php(24): view('user', Array)
#5 C:\Users\Administrator\Desktop\tugas\system\CodeIgniter.php(832): App\Controllers\User->index()
#6 C:\Users\Administrator\Desktop\tugas\system\CodeIgniter.php(419): CodeIgniter\CodeIgniter->runController(Object(App\Controllers\User))
#7 C:\Users\Administrator\Desktop\tugas\system\CodeIgniter.php(326): CodeIgniter\CodeIgniter->handleRequest(NULL, Object(Config\Cache), false)
#8 C:\Users\Administrator\Desktop\tugas\public\index.php(37): CodeIgniter\CodeIgniter->run()
#9 C:\Users\Administrator\Desktop\tugas\system\Commands\Server\rewrite.php(43): require_once('C:\\Users\\Admini...')
#10 {main}
CRITICAL - 2022-04-20 22:04:08 --> Call to undefined method App\Models\ContohUser::pencarian
#0 C:\Users\Administrator\Desktop\tugas\app\Controllers\User.php(31): CodeIgniter\Model->__call('pencarian', Array)
#1 C:\Users\Administrator\Desktop\tugas\system\CodeIgniter.php(832): App\Controllers\User->index()
#2 C:\Users\Administrator\Desktop\tugas\system\CodeIgniter.php(419): CodeIgniter\CodeIgniter->runController(Object(App\Controllers\User))
#3 C:\Users\Administrator\Desktop\tugas\system\CodeIgniter.php(326): CodeIgniter\CodeIgniter->handleRequest(NULL, Object(Config\Cache), false)
#4 C:\Users\Administrator\Desktop\tugas\public\index.php(37): CodeIgniter\CodeIgniter->run()
#5 C:\Users\Administrator\Desktop\tugas\system\Commands\Server\rewrite.php(43): require_once('C:\\Users\\Admini...')
#6 {main}
CRITICAL - 2022-04-20 22:05:50 --> Undefined variable: item
#0 C:\Users\Administrator\Desktop\tugas\app\Views\template\master.php(173): CodeIgniter\Debug\Exceptions->errorHandler(8, 'Undefined varia...', 'C:\\Users\\Admini...', 173, Array)
#1 C:\Users\Administrator\Desktop\tugas\system\View\View.php(210): include('C:\\Users\\Admini...')
#2 C:\Users\Administrator\Desktop\tugas\system\View\View.php(213): CodeIgniter\View\View->CodeIgniter\View\{closure}()
#3 C:\Users\Administrator\Desktop\tugas\system\View\View.php(226): CodeIgniter\View\View->render('template/master', Array, true)
#4 C:\Users\Administrator\Desktop\tugas\system\Common.php(1089): CodeIgniter\View\View->render('user', Array, true)
#5 C:\Users\Administrator\Desktop\tugas\app\Controllers\User.php(30): view('user', Array)
#6 C:\Users\Administrator\Desktop\tugas\system\CodeIgniter.php(832): App\Controllers\User->index()
#7 C:\Users\Administrator\Desktop\tugas\system\CodeIgniter.php(419): CodeIgniter\CodeIgniter->runController(Object(App\Controllers\User))
#8 C:\Users\Administrator\Desktop\tugas\system\CodeIgniter.php(326): CodeIgniter\CodeIgniter->handleRequest(NULL, Object(Config\Cache), false)
#9 C:\Users\Administrator\Desktop\tugas\public\index.php(37): CodeIgniter\CodeIgniter->run()
#10 C:\Users\Administrator\Desktop\tugas\system\Commands\Server\rewrite.php(43): require_once('C:\\Users\\Admini...')
#11 {main}
CRITICAL - 2022-04-20 22:06:51 --> Invalid file: list_siswa.php
#0 C:\Users\Administrator\Desktop\tugas\system\View\View.php(198): CodeIgniter\Exceptions\FrameworkException::forInvalidFile('list_siswa.php')
#1 C:\Users\Administrator\Desktop\tugas\system\Common.php(1089): CodeIgniter\View\View->render('list_siswa', Array, true)
#2 C:\Users\Administrator\Desktop\tugas\app\Controllers\User.php(65): view('list_siswa', Array)
#3 C:\Users\Administrator\Desktop\tugas\system\CodeIgniter.php(832): App\Controllers\User->cari()
#4 C:\Users\Administrator\Desktop\tugas\system\CodeIgniter.php(419): CodeIgniter\CodeIgniter->runController(Object(App\Controllers\User))
#5 C:\Users\Administrator\Desktop\tugas\system\CodeIgniter.php(326): CodeIgniter\CodeIgniter->handleRequest(NULL, Object(Config\Cache), false)
#6 C:\Users\Administrator\Desktop\tugas\public\index.php(37): CodeIgniter\CodeIgniter->run()
#7 C:\Users\Administrator\Desktop\tugas\system\Commands\Server\rewrite.php(43): require_once('C:\\Users\\Admini...')
#8 {main}
CRITICAL - 2022-04-20 22:09:06 --> Undefined variable: data
#0 C:\Users\Administrator\Desktop\tugas\app\Views\search.php(25): CodeIgniter\Debug\Exceptions->errorHandler(8, 'Undefined varia...', 'C:\\Users\\Admini...', 25, Array)
#1 C:\Users\Administrator\Desktop\tugas\system\View\View.php(210): include('C:\\Users\\Admini...')
#2 C:\Users\Administrator\Desktop\tugas\system\View\View.php(213): CodeIgniter\View\View->CodeIgniter\View\{closure}()
#3 C:\Users\Administrator\Desktop\tugas\system\Common.php(1089): CodeIgniter\View\View->render('search', Array, true)
#4 C:\Users\Administrator\Desktop\tugas\app\Controllers\User.php(65): view('search', Array)
#5 C:\Users\Administrator\Desktop\tugas\system\CodeIgniter.php(832): App\Controllers\User->cari()
#6 C:\Users\Administrator\Desktop\tugas\system\CodeIgniter.php(419): CodeIgniter\CodeIgniter->runController(Object(App\Controllers\User))
#7 C:\Users\Administrator\Desktop\tugas\system\CodeIgniter.php(326): CodeIgniter\CodeIgniter->handleRequest(NULL, Object(Config\Cache), false)
#8 C:\Users\Administrator\Desktop\tugas\public\index.php(37): CodeIgniter\CodeIgniter->run()
#9 C:\Users\Administrator\Desktop\tugas\system\Commands\Server\rewrite.php(43): require_once('C:\\Users\\Admini...')
#10 {main}
CRITICAL - 2022-04-20 22:09:13 --> Undefined variable: data
#0 C:\Users\Administrator\Desktop\tugas\app\Views\search.php(25): CodeIgniter\Debug\Exceptions->errorHandler(8, 'Undefined varia...', 'C:\\Users\\Admini...', 25, Array)
#1 C:\Users\Administrator\Desktop\tugas\system\View\View.php(210): include('C:\\Users\\Admini...')
#2 C:\Users\Administrator\Desktop\tugas\system\View\View.php(213): CodeIgniter\View\View->CodeIgniter\View\{closure}()
#3 C:\Users\Administrator\Desktop\tugas\system\Common.php(1089): CodeIgniter\View\View->render('search', Array, true)
#4 C:\Users\Administrator\Desktop\tugas\app\Controllers\User.php(65): view('search', Array)
#5 C:\Users\Administrator\Desktop\tugas\system\CodeIgniter.php(832): App\Controllers\User->cari()
#6 C:\Users\Administrator\Desktop\tugas\system\CodeIgniter.php(419): CodeIgniter\CodeIgniter->runController(Object(App\Controllers\User))
#7 C:\Users\Administrator\Desktop\tugas\system\CodeIgniter.php(326): CodeIgniter\CodeIgniter->handleRequest(NULL, Object(Config\Cache), false)
#8 C:\Users\Administrator\Desktop\tugas\public\index.php(37): CodeIgniter\CodeIgniter->run()
#9 C:\Users\Administrator\Desktop\tugas\system\Commands\Server\rewrite.php(43): require_once('C:\\Users\\Admini...')
#10 {main}
CRITICAL - 2022-04-20 22:13:12 --> Undefined variable: list1
#0 C:\Users\Administrator\Desktop\tugas\app\Views\user.php(21): CodeIgniter\Debug\Exceptions->errorHandler(8, 'Undefined varia...', 'C:\\Users\\Admini...', 21, Array)
#1 C:\Users\Administrator\Desktop\tugas\system\View\View.php(210): include('C:\\Users\\Admini...')
#2 C:\Users\Administrator\Desktop\tugas\system\View\View.php(213): CodeIgniter\View\View->CodeIgniter\View\{closure}()
#3 C:\Users\Administrator\Desktop\tugas\system\Common.php(1089): CodeIgniter\View\View->render('user', Array, true)
#4 C:\Users\Administrator\Desktop\tugas\app\Controllers\User.php(52): view('user', Array)
#5 C:\Users\Administrator\Desktop\tugas\system\CodeIgniter.php(832): App\Controllers\User->index()
#6 C:\Users\Administrator\Desktop\tugas\system\CodeIgniter.php(419): CodeIgniter\CodeIgniter->runController(Object(App\Controllers\User))
#7 C:\Users\Administrator\Desktop\tugas\system\CodeIgniter.php(326): CodeIgniter\CodeIgniter->handleRequest(NULL, Object(Config\Cache), false)
#8 C:\Users\Administrator\Desktop\tugas\public\index.php(37): CodeIgniter\CodeIgniter->run()
#9 C:\Users\Administrator\Desktop\tugas\system\Commands\Server\rewrite.php(43): require_once('C:\\Users\\Admini...')
#10 {main}
CRITICAL - 2022-04-20 22:13:16 --> Undefined variable: list1
#0 C:\Users\Administrator\Desktop\tugas\app\Views\user.php(21): CodeIgniter\Debug\Exceptions->errorHandler(8, 'Undefined varia...', 'C:\\Users\\Admini...', 21, Array)
#1 C:\Users\Administrator\Desktop\tugas\system\View\View.php(210): include('C:\\Users\\Admini...')
#2 C:\Users\Administrator\Desktop\tugas\system\View\View.php(213): CodeIgniter\View\View->CodeIgniter\View\{closure}()
#3 C:\Users\Administrator\Desktop\tugas\system\Common.php(1089): CodeIgniter\View\View->render('user', Array, true)
#4 C:\Users\Administrator\Desktop\tugas\app\Controllers\User.php(52): view('user', Array)
#5 C:\Users\Administrator\Desktop\tugas\system\CodeIgniter.php(832): App\Controllers\User->index()
#6 C:\Users\Administrator\Desktop\tugas\system\CodeIgniter.php(419): CodeIgniter\CodeIgniter->runController(Object(App\Controllers\User))
#7 C:\Users\Administrator\Desktop\tugas\system\CodeIgniter.php(326): CodeIgniter\CodeIgniter->handleRequest(NULL, Object(Config\Cache), false)
#8 C:\Users\Administrator\Desktop\tugas\public\index.php(37): CodeIgniter\CodeIgniter->run()
#9 C:\Users\Administrator\Desktop\tugas\system\Commands\Server\rewrite.php(43): require_once('C:\\Users\\Admini...')
#10 {main}
CRITICAL - 2022-04-20 22:14:15 --> Undefined index: NamaLengkap
#0 C:\Users\Administrator\Desktop\tugas\app\Views\list_user.php(46): CodeIgniter\Debug\Exceptions->errorHandler(8, 'Undefined index...', 'C:\\Users\\Admini...', 46, Array)
#1 C:\Users\Administrator\Desktop\tugas\system\View\View.php(210): include('C:\\Users\\Admini...')
#2 C:\Users\Administrator\Desktop\tugas\system\View\View.php(213): CodeIgniter\View\View->CodeIgniter\View\{closure}()
#3 C:\Users\Administrator\Desktop\tugas\system\Common.php(1089): CodeIgniter\View\View->render('list_user', Array, true)
#4 C:\Users\Administrator\Desktop\tugas\app\Controllers\User.php(52): view('list_user', Array)
#5 C:\Users\Administrator\Desktop\tugas\system\CodeIgniter.php(832): App\Controllers\User->index()
#6 C:\Users\Administrator\Desktop\tugas\system\CodeIgniter.php(419): CodeIgniter\CodeIgniter->runController(Object(App\Controllers\User))
#7 C:\Users\Administrator\Desktop\tugas\system\CodeIgniter.php(326): CodeIgniter\CodeIgniter->handleRequest(NULL, Object(Config\Cache), false)
#8 C:\Users\Administrator\Desktop\tugas\public\index.php(37): CodeIgniter\CodeIgniter->run()
#9 C:\Users\Administrator\Desktop\tugas\system\Commands\Server\rewrite.php(43): require_once('C:\\Users\\Admini...')
#10 {main}
CRITICAL - 2022-04-20 22:15:36 --> Undefined variable: item
#0 C:\Users\Administrator\Desktop\tugas\app\Views\list_user.php(48): CodeIgniter\Debug\Exceptions->errorHandler(8, 'Undefined varia...', 'C:\\Users\\Admini...', 48, Array)
#1 C:\Users\Administrator\Desktop\tugas\system\View\View.php(210): include('C:\\Users\\Admini...')
#2 C:\Users\Administrator\Desktop\tugas\system\View\View.php(213): CodeIgniter\View\View->CodeIgniter\View\{closure}()
#3 C:\Users\Administrator\Desktop\tugas\system\Common.php(1089): CodeIgniter\View\View->render('list_user', Array, true)
#4 C:\Users\Administrator\Desktop\tugas\app\Controllers\User.php(52): view('list_user', Array)
#5 C:\Users\Administrator\Desktop\tugas\system\CodeIgniter.php(832): App\Controllers\User->index()
#6 C:\Users\Administrator\Desktop\tugas\system\CodeIgniter.php(419): CodeIgniter\CodeIgniter->runController(Object(App\Controllers\User))
#7 C:\Users\Administrator\Desktop\tugas\system\CodeIgniter.php(326): CodeIgniter\CodeIgniter->handleRequest(NULL, Object(Config\Cache), false)
#8 C:\Users\Administrator\Desktop\tugas\public\index.php(37): CodeIgniter\CodeIgniter->run()
#9 C:\Users\Administrator\Desktop\tugas\system\Commands\Server\rewrite.php(43): require_once('C:\\Users\\Admini...')
#10 {main}
