CRITICAL - 2022-05-24 08:55:24 --> Undefined variable: item
#0 C:\Users\ASUS\Documents\tugas\tugas web framework\tugas\app\Views\list_user.php(50): CodeIgniter\Debug\Exceptions->errorHandler(8, 'Undefined varia...', 'C:\\Users\\ASUS\\D...', 50, Array)
#1 C:\Users\ASUS\Documents\tugas\tugas web framework\tugas\system\View\View.php(210): include('C:\\Users\\ASUS\\D...')
#2 C:\Users\ASUS\Documents\tugas\tugas web framework\tugas\system\View\View.php(213): CodeIgniter\View\View->CodeIgniter\View\{closure}()
#3 C:\Users\ASUS\Documents\tugas\tugas web framework\tugas\system\Common.php(1089): CodeIgniter\View\View->render('list_user', Array, true)
#4 C:\Users\ASUS\Documents\tugas\tugas web framework\tugas\app\Controllers\User.php(52): view('list_user', Array)
#5 C:\Users\ASUS\Documents\tugas\tugas web framework\tugas\system\CodeIgniter.php(832): App\Controllers\User->index()
#6 C:\Users\ASUS\Documents\tugas\tugas web framework\tugas\system\CodeIgniter.php(419): CodeIgniter\CodeIgniter->runController(Object(App\Controllers\User))
#7 C:\Users\ASUS\Documents\tugas\tugas web framework\tugas\system\CodeIgniter.php(326): CodeIgniter\CodeIgniter->handleRequest(NULL, Object(Config\Cache), false)
#8 C:\Users\ASUS\Documents\tugas\tugas web framework\tugas\public\index.php(37): CodeIgniter\CodeIgniter->run()
#9 C:\Users\ASUS\Documents\tugas\tugas web framework\tugas\system\Commands\Server\rewrite.php(43): require_once('C:\\Users\\ASUS\\D...')
#10 {main}
CRITICAL - 2022-05-24 08:55:31 --> Undefined variable: item
#0 C:\Users\ASUS\Documents\tugas\tugas web framework\tugas\app\Views\list_user.php(50): CodeIgniter\Debug\Exceptions->errorHandler(8, 'Undefined varia...', 'C:\\Users\\ASUS\\D...', 50, Array)
#1 C:\Users\ASUS\Documents\tugas\tugas web framework\tugas\system\View\View.php(210): include('C:\\Users\\ASUS\\D...')
#2 C:\Users\ASUS\Documents\tugas\tugas web framework\tugas\system\View\View.php(213): CodeIgniter\View\View->CodeIgniter\View\{closure}()
#3 C:\Users\ASUS\Documents\tugas\tugas web framework\tugas\system\Common.php(1089): CodeIgniter\View\View->render('list_user', Array, true)
#4 C:\Users\ASUS\Documents\tugas\tugas web framework\tugas\app\Controllers\User.php(52): view('list_user', Array)
#5 C:\Users\ASUS\Documents\tugas\tugas web framework\tugas\system\CodeIgniter.php(832): App\Controllers\User->index()
#6 C:\Users\ASUS\Documents\tugas\tugas web framework\tugas\system\CodeIgniter.php(419): CodeIgniter\CodeIgniter->runController(Object(App\Controllers\User))
#7 C:\Users\ASUS\Documents\tugas\tugas web framework\tugas\system\CodeIgniter.php(326): CodeIgniter\CodeIgniter->handleRequest(NULL, Object(Config\Cache), false)
#8 C:\Users\ASUS\Documents\tugas\tugas web framework\tugas\public\index.php(37): CodeIgniter\CodeIgniter->run()
#9 C:\Users\ASUS\Documents\tugas\tugas web framework\tugas\system\Commands\Server\rewrite.php(43): require_once('C:\\Users\\ASUS\\D...')
#10 {main}
CRITICAL - 2022-05-24 08:55:32 --> Undefined variable: item
#0 C:\Users\ASUS\Documents\tugas\tugas web framework\tugas\app\Views\list_user.php(50): CodeIgniter\Debug\Exceptions->errorHandler(8, 'Undefined varia...', 'C:\\Users\\ASUS\\D...', 50, Array)
#1 C:\Users\ASUS\Documents\tugas\tugas web framework\tugas\system\View\View.php(210): include('C:\\Users\\ASUS\\D...')
#2 C:\Users\ASUS\Documents\tugas\tugas web framework\tugas\system\View\View.php(213): CodeIgniter\View\View->CodeIgniter\View\{closure}()
#3 C:\Users\ASUS\Documents\tugas\tugas web framework\tugas\system\Common.php(1089): CodeIgniter\View\View->render('list_user', Array, true)
#4 C:\Users\ASUS\Documents\tugas\tugas web framework\tugas\app\Controllers\User.php(52): view('list_user', Array)
#5 C:\Users\ASUS\Documents\tugas\tugas web framework\tugas\system\CodeIgniter.php(832): App\Controllers\User->index()
#6 C:\Users\ASUS\Documents\tugas\tugas web framework\tugas\system\CodeIgniter.php(419): CodeIgniter\CodeIgniter->runController(Object(App\Controllers\User))
#7 C:\Users\ASUS\Documents\tugas\tugas web framework\tugas\system\CodeIgniter.php(326): CodeIgniter\CodeIgniter->handleRequest(NULL, Object(Config\Cache), false)
#8 C:\Users\ASUS\Documents\tugas\tugas web framework\tugas\public\index.php(37): CodeIgniter\CodeIgniter->run()
#9 C:\Users\ASUS\Documents\tugas\tugas web framework\tugas\system\Commands\Server\rewrite.php(43): require_once('C:\\Users\\ASUS\\D...')
#10 {main}
CRITICAL - 2022-05-24 08:57:10 --> Undefined variable: item
#0 C:\Users\ASUS\Documents\tugas\tugas web framework\tugas\app\Views\list_user.php(50): CodeIgniter\Debug\Exceptions->errorHandler(8, 'Undefined varia...', 'C:\\Users\\ASUS\\D...', 50, Array)
#1 C:\Users\ASUS\Documents\tugas\tugas web framework\tugas\system\View\View.php(210): include('C:\\Users\\ASUS\\D...')
#2 C:\Users\ASUS\Documents\tugas\tugas web framework\tugas\system\View\View.php(213): CodeIgniter\View\View->CodeIgniter\View\{closure}()
#3 C:\Users\ASUS\Documents\tugas\tugas web framework\tugas\system\Common.php(1089): CodeIgniter\View\View->render('list_user', Array, true)
#4 C:\Users\ASUS\Documents\tugas\tugas web framework\tugas\app\Controllers\User.php(52): view('list_user', Array)
#5 C:\Users\ASUS\Documents\tugas\tugas web framework\tugas\system\CodeIgniter.php(832): App\Controllers\User->index()
#6 C:\Users\ASUS\Documents\tugas\tugas web framework\tugas\system\CodeIgniter.php(419): CodeIgniter\CodeIgniter->runController(Object(App\Controllers\User))
#7 C:\Users\ASUS\Documents\tugas\tugas web framework\tugas\system\CodeIgniter.php(326): CodeIgniter\CodeIgniter->handleRequest(NULL, Object(Config\Cache), false)
#8 C:\Users\ASUS\Documents\tugas\tugas web framework\tugas\public\index.php(37): CodeIgniter\CodeIgniter->run()
#9 C:\Users\ASUS\Documents\tugas\tugas web framework\tugas\system\Commands\Server\rewrite.php(43): require_once('C:\\Users\\ASUS\\D...')
#10 {main}
CRITICAL - 2022-05-24 08:57:16 --> Undefined variable: ropw
#0 C:\Users\ASUS\Documents\tugas\tugas web framework\tugas\app\Views\list_user.php(50): CodeIgniter\Debug\Exceptions->errorHandler(8, 'Undefined varia...', 'C:\\Users\\ASUS\\D...', 50, Array)
#1 C:\Users\ASUS\Documents\tugas\tugas web framework\tugas\system\View\View.php(210): include('C:\\Users\\ASUS\\D...')
#2 C:\Users\ASUS\Documents\tugas\tugas web framework\tugas\system\View\View.php(213): CodeIgniter\View\View->CodeIgniter\View\{closure}()
#3 C:\Users\ASUS\Documents\tugas\tugas web framework\tugas\system\Common.php(1089): CodeIgniter\View\View->render('list_user', Array, true)
#4 C:\Users\ASUS\Documents\tugas\tugas web framework\tugas\app\Controllers\User.php(52): view('list_user', Array)
#5 C:\Users\ASUS\Documents\tugas\tugas web framework\tugas\system\CodeIgniter.php(832): App\Controllers\User->index()
#6 C:\Users\ASUS\Documents\tugas\tugas web framework\tugas\system\CodeIgniter.php(419): CodeIgniter\CodeIgniter->runController(Object(App\Controllers\User))
#7 C:\Users\ASUS\Documents\tugas\tugas web framework\tugas\system\CodeIgniter.php(326): CodeIgniter\CodeIgniter->handleRequest(NULL, Object(Config\Cache), false)
#8 C:\Users\ASUS\Documents\tugas\tugas web framework\tugas\public\index.php(37): CodeIgniter\CodeIgniter->run()
#9 C:\Users\ASUS\Documents\tugas\tugas web framework\tugas\system\Commands\Server\rewrite.php(43): require_once('C:\\Users\\ASUS\\D...')
#10 {main}
CRITICAL - 2022-05-24 08:57:52 --> Undefined variable: row
#0 C:\Users\ASUS\Documents\tugas\tugas web framework\tugas\app\Views\detail.php(34): CodeIgniter\Debug\Exceptions->errorHandler(8, 'Undefined varia...', 'C:\\Users\\ASUS\\D...', 34, Array)
#1 C:\Users\ASUS\Documents\tugas\tugas web framework\tugas\system\View\View.php(210): include('C:\\Users\\ASUS\\D...')
#2 C:\Users\ASUS\Documents\tugas\tugas web framework\tugas\system\View\View.php(213): CodeIgniter\View\View->CodeIgniter\View\{closure}()
#3 C:\Users\ASUS\Documents\tugas\tugas web framework\tugas\system\Common.php(1089): CodeIgniter\View\View->render('detail', Array, true)
#4 C:\Users\ASUS\Documents\tugas\tugas web framework\tugas\app\Controllers\User.php(65): view('detail', Array)
#5 C:\Users\ASUS\Documents\tugas\tugas web framework\tugas\system\CodeIgniter.php(832): App\Controllers\User->detail('Naufal')
#6 C:\Users\ASUS\Documents\tugas\tugas web framework\tugas\system\CodeIgniter.php(419): CodeIgniter\CodeIgniter->runController(Object(App\Controllers\User))
#7 C:\Users\ASUS\Documents\tugas\tugas web framework\tugas\system\CodeIgniter.php(326): CodeIgniter\CodeIgniter->handleRequest(NULL, Object(Config\Cache), false)
#8 C:\Users\ASUS\Documents\tugas\tugas web framework\tugas\public\index.php(37): CodeIgniter\CodeIgniter->run()
#9 C:\Users\ASUS\Documents\tugas\tugas web framework\tugas\system\Commands\Server\rewrite.php(43): require_once('C:\\Users\\ASUS\\D...')
#10 {main}
CRITICAL - 2022-05-24 08:57:54 --> Undefined variable: row
#0 C:\Users\ASUS\Documents\tugas\tugas web framework\tugas\app\Views\detail.php(34): CodeIgniter\Debug\Exceptions->errorHandler(8, 'Undefined varia...', 'C:\\Users\\ASUS\\D...', 34, Array)
#1 C:\Users\ASUS\Documents\tugas\tugas web framework\tugas\system\View\View.php(210): include('C:\\Users\\ASUS\\D...')
#2 C:\Users\ASUS\Documents\tugas\tugas web framework\tugas\system\View\View.php(213): CodeIgniter\View\View->CodeIgniter\View\{closure}()
#3 C:\Users\ASUS\Documents\tugas\tugas web framework\tugas\system\Common.php(1089): CodeIgniter\View\View->render('detail', Array, true)
#4 C:\Users\ASUS\Documents\tugas\tugas web framework\tugas\app\Controllers\User.php(65): view('detail', Array)
#5 C:\Users\ASUS\Documents\tugas\tugas web framework\tugas\system\CodeIgniter.php(832): App\Controllers\User->detail('Naufal')
#6 C:\Users\ASUS\Documents\tugas\tugas web framework\tugas\system\CodeIgniter.php(419): CodeIgniter\CodeIgniter->runController(Object(App\Controllers\User))
#7 C:\Users\ASUS\Documents\tugas\tugas web framework\tugas\system\CodeIgniter.php(326): CodeIgniter\CodeIgniter->handleRequest(NULL, Object(Config\Cache), false)
#8 C:\Users\ASUS\Documents\tugas\tugas web framework\tugas\public\index.php(37): CodeIgniter\CodeIgniter->run()
#9 C:\Users\ASUS\Documents\tugas\tugas web framework\tugas\system\Commands\Server\rewrite.php(43): require_once('C:\\Users\\ASUS\\D...')
#10 {main}
ERROR - 2022-05-24 09:27:37 --> Column 'alamat' cannot be null
CRITICAL - 2022-05-24 09:27:37 --> Column 'alamat' cannot be null
#0 C:\Users\ASUS\Documents\tugas\tugas web framework\tugas\system\Database\MySQLi\Connection.php(292): mysqli->query('INSERT INTO `us...', 0)
#1 C:\Users\ASUS\Documents\tugas\tugas web framework\tugas\system\Database\BaseConnection.php(670): CodeIgniter\Database\MySQLi\Connection->execute('INSERT INTO `us...')
#2 C:\Users\ASUS\Documents\tugas\tugas web framework\tugas\system\Database\BaseConnection.php(598): CodeIgniter\Database\BaseConnection->simpleQuery('INSERT INTO `us...')
#3 C:\Users\ASUS\Documents\tugas\tugas web framework\tugas\system\Database\BaseBuilder.php(1771): CodeIgniter\Database\BaseConnection->query('INSERT INTO `us...', Array, false)
#4 C:\Users\ASUS\Documents\tugas\tugas web framework\tugas\system\Model.php(239): CodeIgniter\Database\BaseBuilder->insert()
#5 C:\Users\ASUS\Documents\tugas\tugas web framework\tugas\system\BaseModel.php(738): CodeIgniter\Model->doInsert(Array)
#6 C:\Users\ASUS\Documents\tugas\tugas web framework\tugas\system\Model.php(625): CodeIgniter\BaseModel->insert(Array, false)
#7 C:\Users\ASUS\Documents\tugas\tugas web framework\tugas\system\BaseModel.php(658): CodeIgniter\Model->insert(Array, false)
#8 C:\Users\ASUS\Documents\tugas\tugas web framework\tugas\app\Controllers\User.php(69): CodeIgniter\BaseModel->save(Array)
#9 C:\Users\ASUS\Documents\tugas\tugas web framework\tugas\system\CodeIgniter.php(832): App\Controllers\User->save()
#10 C:\Users\ASUS\Documents\tugas\tugas web framework\tugas\system\CodeIgniter.php(419): CodeIgniter\CodeIgniter->runController(Object(App\Controllers\User))
#11 C:\Users\ASUS\Documents\tugas\tugas web framework\tugas\system\CodeIgniter.php(326): CodeIgniter\CodeIgniter->handleRequest(NULL, Object(Config\Cache), false)
#12 C:\Users\ASUS\Documents\tugas\tugas web framework\tugas\public\index.php(37): CodeIgniter\CodeIgniter->run()
#13 C:\Users\ASUS\Documents\tugas\tugas web framework\tugas\system\Commands\Server\rewrite.php(43): require_once('C:\\Users\\ASUS\\D...')
#14 {main}
ERROR - 2022-05-24 09:27:43 --> Column 'alamat' cannot be null
CRITICAL - 2022-05-24 09:27:43 --> Column 'alamat' cannot be null
#0 C:\Users\ASUS\Documents\tugas\tugas web framework\tugas\system\Database\MySQLi\Connection.php(292): mysqli->query('INSERT INTO `us...', 0)
#1 C:\Users\ASUS\Documents\tugas\tugas web framework\tugas\system\Database\BaseConnection.php(670): CodeIgniter\Database\MySQLi\Connection->execute('INSERT INTO `us...')
#2 C:\Users\ASUS\Documents\tugas\tugas web framework\tugas\system\Database\BaseConnection.php(598): CodeIgniter\Database\BaseConnection->simpleQuery('INSERT INTO `us...')
#3 C:\Users\ASUS\Documents\tugas\tugas web framework\tugas\system\Database\BaseBuilder.php(1771): CodeIgniter\Database\BaseConnection->query('INSERT INTO `us...', Array, false)
#4 C:\Users\ASUS\Documents\tugas\tugas web framework\tugas\system\Model.php(239): CodeIgniter\Database\BaseBuilder->insert()
#5 C:\Users\ASUS\Documents\tugas\tugas web framework\tugas\system\BaseModel.php(738): CodeIgniter\Model->doInsert(Array)
#6 C:\Users\ASUS\Documents\tugas\tugas web framework\tugas\system\Model.php(625): CodeIgniter\BaseModel->insert(Array, false)
#7 C:\Users\ASUS\Documents\tugas\tugas web framework\tugas\system\BaseModel.php(658): CodeIgniter\Model->insert(Array, false)
#8 C:\Users\ASUS\Documents\tugas\tugas web framework\tugas\app\Controllers\User.php(69): CodeIgniter\BaseModel->save(Array)
#9 C:\Users\ASUS\Documents\tugas\tugas web framework\tugas\system\CodeIgniter.php(832): App\Controllers\User->save()
#10 C:\Users\ASUS\Documents\tugas\tugas web framework\tugas\system\CodeIgniter.php(419): CodeIgniter\CodeIgniter->runController(Object(App\Controllers\User))
#11 C:\Users\ASUS\Documents\tugas\tugas web framework\tugas\system\CodeIgniter.php(326): CodeIgniter\CodeIgniter->handleRequest(NULL, Object(Config\Cache), false)
#12 C:\Users\ASUS\Documents\tugas\tugas web framework\tugas\public\index.php(37): CodeIgniter\CodeIgniter->run()
#13 C:\Users\ASUS\Documents\tugas\tugas web framework\tugas\system\Commands\Server\rewrite.php(43): require_once('C:\\Users\\ASUS\\D...')
#14 {main}
ERROR - 2022-05-24 09:28:04 --> Column 'avatar' cannot be null
CRITICAL - 2022-05-24 09:28:04 --> Column 'avatar' cannot be null
#0 C:\Users\ASUS\Documents\tugas\tugas web framework\tugas\system\Database\MySQLi\Connection.php(292): mysqli->query('INSERT INTO `us...', 0)
#1 C:\Users\ASUS\Documents\tugas\tugas web framework\tugas\system\Database\BaseConnection.php(670): CodeIgniter\Database\MySQLi\Connection->execute('INSERT INTO `us...')
#2 C:\Users\ASUS\Documents\tugas\tugas web framework\tugas\system\Database\BaseConnection.php(598): CodeIgniter\Database\BaseConnection->simpleQuery('INSERT INTO `us...')
#3 C:\Users\ASUS\Documents\tugas\tugas web framework\tugas\system\Database\BaseBuilder.php(1771): CodeIgniter\Database\BaseConnection->query('INSERT INTO `us...', Array, false)
#4 C:\Users\ASUS\Documents\tugas\tugas web framework\tugas\system\Model.php(239): CodeIgniter\Database\BaseBuilder->insert()
#5 C:\Users\ASUS\Documents\tugas\tugas web framework\tugas\system\BaseModel.php(738): CodeIgniter\Model->doInsert(Array)
#6 C:\Users\ASUS\Documents\tugas\tugas web framework\tugas\system\Model.php(625): CodeIgniter\BaseModel->insert(Array, false)
#7 C:\Users\ASUS\Documents\tugas\tugas web framework\tugas\system\BaseModel.php(658): CodeIgniter\Model->insert(Array, false)
#8 C:\Users\ASUS\Documents\tugas\tugas web framework\tugas\app\Controllers\User.php(69): CodeIgniter\BaseModel->save(Array)
#9 C:\Users\ASUS\Documents\tugas\tugas web framework\tugas\system\CodeIgniter.php(832): App\Controllers\User->save()
#10 C:\Users\ASUS\Documents\tugas\tugas web framework\tugas\system\CodeIgniter.php(419): CodeIgniter\CodeIgniter->runController(Object(App\Controllers\User))
#11 C:\Users\ASUS\Documents\tugas\tugas web framework\tugas\system\CodeIgniter.php(326): CodeIgniter\CodeIgniter->handleRequest(NULL, Object(Config\Cache), false)
#12 C:\Users\ASUS\Documents\tugas\tugas web framework\tugas\public\index.php(37): CodeIgniter\CodeIgniter->run()
#13 C:\Users\ASUS\Documents\tugas\tugas web framework\tugas\system\Commands\Server\rewrite.php(43): require_once('C:\\Users\\ASUS\\D...')
#14 {main}
